{"/home/travis/build/npmtest/node-npmtest-ibm_db/test.js":{"path":"/home/travis/build/npmtest/node-npmtest-ibm_db/test.js","s":{"1":2,"2":2,"3":2,"4":2,"5":2,"6":2,"7":2,"8":1,"9":2,"10":2,"11":1,"12":1,"13":1,"14":1,"15":2,"16":2,"17":2,"18":2,"19":1,"20":1,"21":2,"22":2,"23":2,"24":1,"25":1,"26":1,"27":1,"28":1,"29":1,"30":1,"31":1,"32":1,"33":1,"34":1,"35":1,"36":1,"37":1,"38":1,"39":2,"40":2,"41":1,"42":2,"43":2,"44":1,"45":2,"46":2,"47":1,"48":2,"49":2,"50":1,"51":1,"52":1,"53":1,"54":1},"b":{"1":[2,1,1,1],"2":[1,1,1,1],"3":[1,1],"4":[1,1],"5":[1,1],"6":[1,1],"7":[1,1],"8":[1,1],"9":[1,1],"10":[1,1,1],"11":[1,1],"12":[1,1],"13":[1,1],"14":[1,1],"15":[1,1],"16":[1,1],"17":[1,1]},"f":{"1":2,"2":2,"3":2,"4":2,"5":2,"6":1,"7":1,"8":1,"9":2,"10":2,"11":2,"12":2,"13":1},"fnMap":{"1":{"name":"(anonymous_1)","line":12,"loc":{"start":{"line":12,"column":1},"end":{"line":12,"column":13}}},"2":{"name":"(anonymous_2)","line":19,"loc":{"start":{"line":19,"column":5},"end":{"line":19,"column":17}}},"3":{"name":"(anonymous_3)","line":23,"loc":{"start":{"line":23,"column":24},"end":{"line":23,"column":36}}},"4":{"name":"(anonymous_4)","line":61,"loc":{"start":{"line":61,"column":5},"end":{"line":61,"column":17}}},"5":{"name":"(anonymous_5)","line":82,"loc":{"start":{"line":82,"column":5},"end":{"line":82,"column":17}}},"6":{"name":"(anonymous_6)","line":91,"loc":{"start":{"line":91,"column":77},"end":{"line":94,"column":10}}},"7":{"name":"(anonymous_7)","line":112,"loc":{"start":{"line":112,"column":83},"end":{"line":115,"column":10}},"skip":true},"8":{"name":"(anonymous_8)","line":123,"loc":{"start":{"line":123,"column":77},"end":{"line":126,"column":10}},"skip":true},"9":{"name":"(anonymous_9)","line":139,"loc":{"start":{"line":139,"column":12},"end":{"line":139,"column":40}},"skip":true},"10":{"name":"(anonymous_10)","line":147,"loc":{"start":{"line":147,"column":77},"end":{"line":150,"column":10}},"skip":true},"11":{"name":"(anonymous_11)","line":158,"loc":{"start":{"line":158,"column":83},"end":{"line":161,"column":10}},"skip":true},"12":{"name":"(anonymous_12)","line":169,"loc":{"start":{"line":169,"column":79},"end":{"line":172,"column":10}},"skip":true},"13":{"name":"(anonymous_13)","line":180,"loc":{"start":{"line":180,"column":75},"end":{"line":183,"column":10}},"skip":true}},"statementMap":{"1":{"start":{"line":12,"column":0},"end":{"line":195,"column":5}},"2":{"start":{"line":14,"column":4},"end":{"line":14,"column":14}},"3":{"start":{"line":19,"column":4},"end":{"line":56,"column":9}},"4":{"start":{"line":21,"column":8},"end":{"line":21,"column":19}},"5":{"start":{"line":23,"column":8},"end":{"line":35,"column":13}},"6":{"start":{"line":24,"column":12},"end":{"line":34,"column":13}},"7":{"start":{"line":25,"column":16},"end":{"line":28,"column":30}},"8":{"start":{"line":30,"column":16},"end":{"line":33,"column":27}},"9":{"start":{"line":37,"column":8},"end":{"line":39,"column":21}},"10":{"start":{"line":40,"column":8},"end":{"line":53,"column":9}},"11":{"start":{"line":43,"column":12},"end":{"line":46,"column":14}},"12":{"start":{"line":47,"column":12},"end":{"line":47,"column":18}},"13":{"start":{"line":50,"column":12},"end":{"line":51,"column":46}},"14":{"start":{"line":52,"column":12},"end":{"line":52,"column":18}},"15":{"start":{"line":55,"column":8},"end":{"line":55,"column":35}},"16":{"start":{"line":61,"column":4},"end":{"line":63,"column":9}},"17":{"start":{"line":62,"column":8},"end":{"line":62,"column":15}},"18":{"start":{"line":64,"column":4},"end":{"line":77,"column":5}},"19":{"start":{"line":70,"column":8},"end":{"line":70,"column":14}},"20":{"start":{"line":76,"column":8},"end":{"line":76,"column":14}},"21":{"start":{"line":82,"column":4},"end":{"line":84,"column":9}},"22":{"start":{"line":83,"column":8},"end":{"line":83,"column":15}},"23":{"start":{"line":85,"column":4},"end":{"line":194,"column":5}},"24":{"start":{"line":91,"column":8},"end":{"line":99,"column":10}},"25":{"start":{"line":98,"column":12},"end":{"line":98,"column":35}},"26":{"start":{"line":102,"column":8},"end":{"line":104,"column":63}},"27":{"start":{"line":105,"column":8},"end":{"line":105,"column":14}},"28":{"start":{"line":112,"column":8},"end":{"line":121,"column":10},"skip":true},"29":{"start":{"line":119,"column":12},"end":{"line":119,"column":55},"skip":true},"30":{"start":{"line":120,"column":12},"end":{"line":120,"column":48},"skip":true},"31":{"start":{"line":123,"column":8},"end":{"line":136,"column":10},"skip":true},"32":{"start":{"line":130,"column":12},"end":{"line":130,"column":76},"skip":true},"33":{"start":{"line":131,"column":12},"end":{"line":131,"column":73},"skip":true},"34":{"start":{"line":132,"column":12},"end":{"line":132,"column":74},"skip":true},"35":{"start":{"line":133,"column":12},"end":{"line":133,"column":79},"skip":true},"36":{"start":{"line":134,"column":12},"end":{"line":134,"column":25},"skip":true},"37":{"start":{"line":135,"column":12},"end":{"line":135,"column":45},"skip":true},"38":{"start":{"line":138,"column":8},"end":{"line":145,"column":14},"skip":true},"39":{"start":{"line":143,"column":16},"end":{"line":143,"column":29},"skip":true},"40":{"start":{"line":144,"column":16},"end":{"line":144,"column":55},"skip":true},"41":{"start":{"line":147,"column":8},"end":{"line":156,"column":10},"skip":true},"42":{"start":{"line":154,"column":12},"end":{"line":154,"column":25},"skip":true},"43":{"start":{"line":155,"column":12},"end":{"line":155,"column":45},"skip":true},"44":{"start":{"line":158,"column":8},"end":{"line":167,"column":10},"skip":true},"45":{"start":{"line":165,"column":12},"end":{"line":165,"column":25},"skip":true},"46":{"start":{"line":166,"column":12},"end":{"line":166,"column":48},"skip":true},"47":{"start":{"line":169,"column":8},"end":{"line":178,"column":10},"skip":true},"48":{"start":{"line":176,"column":12},"end":{"line":176,"column":25},"skip":true},"49":{"start":{"line":177,"column":12},"end":{"line":177,"column":46},"skip":true},"50":{"start":{"line":180,"column":8},"end":{"line":189,"column":10},"skip":true},"51":{"start":{"line":187,"column":12},"end":{"line":187,"column":94},"skip":true},"52":{"start":{"line":188,"column":12},"end":{"line":188,"column":48},"skip":true},"53":{"start":{"line":192,"column":8},"end":{"line":192,"column":35},"skip":true},"54":{"start":{"line":193,"column":8},"end":{"line":193,"column":14},"skip":true}},"branchMap":{"1":{"line":25,"type":"binary-expr","locations":[{"start":{"line":25,"column":23},"end":{"line":25,"column":62}},{"start":{"line":26,"column":20},"end":{"line":26,"column":70}},{"start":{"line":27,"column":20},"end":{"line":27,"column":71}},{"start":{"line":28,"column":20},"end":{"line":28,"column":29}}]},"2":{"line":30,"type":"binary-expr","locations":[{"start":{"line":30,"column":23},"end":{"line":30,"column":37}},{"start":{"line":31,"column":20},"end":{"line":31,"column":61}},{"start":{"line":32,"column":20},"end":{"line":32,"column":70}},{"start":{"line":33,"column":20},"end":{"line":33,"column":26}}]},"3":{"line":37,"type":"cond-expr","locations":[{"start":{"line":38,"column":14},"end":{"line":38,"column":20}},{"start":{"line":39,"column":14},"end":{"line":39,"column":20}}]},"4":{"line":40,"type":"switch","locations":[{"start":{"line":42,"column":8},"end":{"line":47,"column":18}},{"start":{"line":49,"column":8},"end":{"line":52,"column":18}}]},"5":{"line":44,"type":"binary-expr","locations":[{"start":{"line":44,"column":16},"end":{"line":44,"column":44}},{"start":{"line":44,"column":48},"end":{"line":44,"column":66}}]},"6":{"line":50,"type":"binary-expr","locations":[{"start":{"line":50,"column":21},"end":{"line":50,"column":49}},{"start":{"line":50,"column":53},"end":{"line":50,"column":72}}]},"7":{"line":64,"type":"switch","locations":[{"start":{"line":69,"column":4},"end":{"line":70,"column":14}},{"start":{"line":75,"column":4},"end":{"line":76,"column":14}}]},"8":{"line":85,"type":"switch","locations":[{"start":{"line":90,"column":4},"end":{"line":105,"column":14}},{"start":{"line":111,"column":4},"end":{"line":193,"column":14},"skip":true}]},"9":{"line":91,"type":"binary-expr","locations":[{"start":{"line":91,"column":42},"end":{"line":91,"column":73}},{"start":{"line":91,"column":77},"end":{"line":99,"column":9}}]},"10":{"line":102,"type":"binary-expr","locations":[{"start":{"line":102,"column":18},"end":{"line":102,"column":32}},{"start":{"line":103,"column":12},"end":{"line":103,"column":53}},{"start":{"line":104,"column":12},"end":{"line":104,"column":61}}]},"11":{"line":112,"type":"binary-expr","locations":[{"start":{"line":112,"column":45},"end":{"line":112,"column":79},"skip":true},{"start":{"line":112,"column":83},"end":{"line":121,"column":9},"skip":true}]},"12":{"line":123,"type":"binary-expr","locations":[{"start":{"line":123,"column":42},"end":{"line":123,"column":73},"skip":true},{"start":{"line":123,"column":77},"end":{"line":136,"column":9},"skip":true}]},"13":{"line":138,"type":"binary-expr","locations":[{"start":{"line":138,"column":48},"end":{"line":138,"column":85},"skip":true},{"start":{"line":139,"column":12},"end":{"line":145,"column":13},"skip":true}]},"14":{"line":147,"type":"binary-expr","locations":[{"start":{"line":147,"column":42},"end":{"line":147,"column":73},"skip":true},{"start":{"line":147,"column":77},"end":{"line":156,"column":9},"skip":true}]},"15":{"line":158,"type":"binary-expr","locations":[{"start":{"line":158,"column":45},"end":{"line":158,"column":79},"skip":true},{"start":{"line":158,"column":83},"end":{"line":167,"column":9},"skip":true}]},"16":{"line":169,"type":"binary-expr","locations":[{"start":{"line":169,"column":43},"end":{"line":169,"column":75},"skip":true},{"start":{"line":169,"column":79},"end":{"line":178,"column":9},"skip":true}]},"17":{"line":180,"type":"binary-expr","locations":[{"start":{"line":180,"column":41},"end":{"line":180,"column":71},"skip":true},{"start":{"line":180,"column":75},"end":{"line":189,"column":9},"skip":true}]}},"code":["/* istanbul instrument in package npmtest_ibm_db */","/*jslint","    bitwise: true,","    browser: true,","    maxerr: 8,","    maxlen: 96,","    node: true,","    nomen: true,","    regexp: true,","    stupid: true","*/","(function () {","    'use strict';","    var local;","","","","    // run shared js-env code - pre-init","    (function () {","        // init local","        local = {};","        // init modeJs","        local.modeJs = (function () {","            try {","                return typeof navigator.userAgent === 'string' &&","                    typeof document.querySelector('body') === 'object' &&","                    typeof XMLHttpRequest.prototype.open === 'function' &&","                    'browser';","            } catch (errorCaughtBrowser) {","                return module.exports &&","                    typeof process.versions.node === 'string' &&","                    typeof require('http').createServer === 'function' &&","                    'node';","            }","        }());","        // init global","        local.global = local.modeJs === 'browser'","            ? window","            : global;","        switch (local.modeJs) {","        // re-init local from window.local","        case 'browser':","            local = local.global.utility2.objectSetDefault(","                local.global.utility2_rollup || local.global.local,","                local.global.utility2","            );","            break;","        // re-init local from example.js","        case 'node':","            local = (local.global.utility2_rollup || require('utility2'))","                .requireExampleJsFromReadme();","            break;","        }","        // export local","        local.global.local = local;","    }());","","","","    // run shared js-env code - function","    (function () {","        return;","    }());","    switch (local.modeJs) {","","","","    // run browser js-env code - function","    case 'browser':","        break;","","","","    // run node js-env code - function","    case 'node':","        break;","    }","","","","    // run shared js-env code - post-init","    (function () {","        return;","    }());","    switch (local.modeJs) {","","","","    // run browser js-env code - post-init","    case 'browser':","        local.testCase_browser_nullCase = local.testCase_browser_nullCase || function (","            options,","            onError","        ) {","        /*","         * this function will test browsers's null-case handling-behavior-behavior","         */","            onError(null, options);","        };","","        // run tests","        local.nop(local.modeTest &&","            document.querySelector('#testRunButton1') &&","            document.querySelector('#testRunButton1').click());","        break;","","","","    // run node js-env code - post-init","    /* istanbul ignore next */","    case 'node':","        local.testCase_buildApidoc_default = local.testCase_buildApidoc_default || function (","            options,","            onError","        ) {","        /*","         * this function will test buildApidoc's default handling-behavior-behavior","         */","            options = { modulePathList: module.paths };","            local.buildApidoc(options, onError);","        };","","        local.testCase_buildApp_default = local.testCase_buildApp_default || function (","            options,","            onError","        ) {","        /*","         * this function will test buildApp's default handling-behavior-behavior","         */","            local.testCase_buildReadme_default(options, local.onErrorThrow);","            local.testCase_buildLib_default(options, local.onErrorThrow);","            local.testCase_buildTest_default(options, local.onErrorThrow);","            local.testCase_buildCustomOrg_default(options, local.onErrorThrow);","            options = [];","            local.buildApp(options, onError);","        };","","        local.testCase_buildCustomOrg_default = local.testCase_buildCustomOrg_default ||","            function (options, onError) {","            /*","             * this function will test buildCustomOrg's default handling-behavior","             */","                options = {};","                local.buildCustomOrg(options, onError);","            };","","        local.testCase_buildLib_default = local.testCase_buildLib_default || function (","            options,","            onError","        ) {","        /*","         * this function will test buildLib's default handling-behavior","         */","            options = {};","            local.buildLib(options, onError);","        };","","        local.testCase_buildReadme_default = local.testCase_buildReadme_default || function (","            options,","            onError","        ) {","        /*","         * this function will test buildReadme's default handling-behavior-behavior","         */","            options = {};","            local.buildReadme(options, onError);","        };","","        local.testCase_buildTest_default = local.testCase_buildTest_default || function (","            options,","            onError","        ) {","        /*","         * this function will test buildTest's default handling-behavior","         */","            options = {};","            local.buildTest(options, onError);","        };","","        local.testCase_webpage_default = local.testCase_webpage_default || function (","            options,","            onError","        ) {","        /*","         * this function will test webpage's default handling-behavior","         */","            options = { modeCoverageMerge: true, url: local.serverLocalHost + '?modeTest=1' };","            local.browserTest(options, onError);","        };","","        // run test-server","        local.testRunServer(local);","        break;","    }","}());",""],"l":{"12":2,"14":2,"19":2,"21":2,"23":2,"24":2,"25":2,"30":1,"37":2,"40":2,"43":1,"47":1,"50":1,"52":1,"55":2,"61":2,"62":2,"64":2,"70":1,"76":1,"82":2,"83":2,"85":2,"91":1,"98":1,"102":1,"105":1,"112":1,"119":1,"120":1,"123":1,"130":1,"131":1,"132":1,"133":1,"134":1,"135":1,"138":1,"143":2,"144":2,"147":1,"154":2,"155":2,"158":1,"165":2,"166":2,"169":1,"176":2,"177":2,"180":1,"187":1,"188":1,"192":1,"193":1}},"/home/travis/build/npmtest/node-npmtest-ibm_db/lib.npmtest_ibm_db.js":{"path":"/home/travis/build/npmtest/node-npmtest-ibm_db/lib.npmtest_ibm_db.js","s":{"1":2,"2":2,"3":2,"4":2,"5":2,"6":2,"7":2,"8":1,"9":2,"10":2,"11":2,"12":2,"13":1,"14":1,"15":1,"16":1},"b":{"1":[2,1,1,1],"2":[1,1,1,1],"3":[1,1],"4":[2,2],"5":[1,1]},"f":{"1":2,"2":2,"3":2},"fnMap":{"1":{"name":"(anonymous_1)","line":12,"loc":{"start":{"line":12,"column":1},"end":{"line":12,"column":13}}},"2":{"name":"(anonymous_2)","line":19,"loc":{"start":{"line":19,"column":5},"end":{"line":19,"column":17}}},"3":{"name":"(anonymous_3)","line":23,"loc":{"start":{"line":23,"column":24},"end":{"line":23,"column":36}}}},"statementMap":{"1":{"start":{"line":12,"column":0},"end":{"line":53,"column":5}},"2":{"start":{"line":14,"column":4},"end":{"line":14,"column":14}},"3":{"start":{"line":19,"column":4},"end":{"line":52,"column":9}},"4":{"start":{"line":21,"column":8},"end":{"line":21,"column":19}},"5":{"start":{"line":23,"column":8},"end":{"line":35,"column":13}},"6":{"start":{"line":24,"column":12},"end":{"line":34,"column":13}},"7":{"start":{"line":25,"column":16},"end":{"line":28,"column":30}},"8":{"start":{"line":30,"column":16},"end":{"line":33,"column":27}},"9":{"start":{"line":37,"column":8},"end":{"line":39,"column":21}},"10":{"start":{"line":41,"column":8},"end":{"line":41,"column":54}},"11":{"start":{"line":43,"column":8},"end":{"line":43,"column":51}},"12":{"start":{"line":45,"column":8},"end":{"line":51,"column":9}},"13":{"start":{"line":46,"column":12},"end":{"line":46,"column":57}},"14":{"start":{"line":48,"column":12},"end":{"line":48,"column":35}},"15":{"start":{"line":49,"column":12},"end":{"line":49,"column":49}},"16":{"start":{"line":50,"column":12},"end":{"line":50,"column":43}}},"branchMap":{"1":{"line":25,"type":"binary-expr","locations":[{"start":{"line":25,"column":23},"end":{"line":25,"column":62}},{"start":{"line":26,"column":20},"end":{"line":26,"column":70}},{"start":{"line":27,"column":20},"end":{"line":27,"column":71}},{"start":{"line":28,"column":20},"end":{"line":28,"column":29}}]},"2":{"line":30,"type":"binary-expr","locations":[{"start":{"line":30,"column":23},"end":{"line":30,"column":37}},{"start":{"line":31,"column":20},"end":{"line":31,"column":61}},{"start":{"line":32,"column":20},"end":{"line":32,"column":70}},{"start":{"line":33,"column":20},"end":{"line":33,"column":26}}]},"3":{"line":37,"type":"cond-expr","locations":[{"start":{"line":38,"column":14},"end":{"line":38,"column":20}},{"start":{"line":39,"column":14},"end":{"line":39,"column":20}}]},"4":{"line":41,"type":"binary-expr","locations":[{"start":{"line":41,"column":16},"end":{"line":41,"column":44}},{"start":{"line":41,"column":48},"end":{"line":41,"column":53}}]},"5":{"line":45,"type":"if","locations":[{"start":{"line":45,"column":8},"end":{"line":45,"column":8}},{"start":{"line":45,"column":8},"end":{"line":45,"column":8}}]}},"code":["/* istanbul instrument in package npmtest_ibm_db */","/*jslint","    bitwise: true,","    browser: true,","    maxerr: 8,","    maxlen: 96,","    node: true,","    nomen: true,","    regexp: true,","    stupid: true","*/","(function () {","    'use strict';","    var local;","","","","    // run shared js-env code - pre-init","    (function () {","        // init local","        local = {};","        // init modeJs","        local.modeJs = (function () {","            try {","                return typeof navigator.userAgent === 'string' &&","                    typeof document.querySelector('body') === 'object' &&","                    typeof XMLHttpRequest.prototype.open === 'function' &&","                    'browser';","            } catch (errorCaughtBrowser) {","                return module.exports &&","                    typeof process.versions.node === 'string' &&","                    typeof require('http').createServer === 'function' &&","                    'node';","            }","        }());","        // init global","        local.global = local.modeJs === 'browser'","            ? window","            : global;","        // init utility2_rollup","        local = local.global.utility2_rollup || local;","        // init lib","        local.local = local.npmtest_ibm_db = local;","        // init exports","        if (local.modeJs === 'browser') {","            local.global.utility2_npmtest_ibm_db = local;","        } else {","            module.exports = local;","            module.exports.__dirname = __dirname;","            module.exports.module = module;","        }","    }());","}());",""],"l":{"12":2,"14":2,"19":2,"21":2,"23":2,"24":2,"25":2,"30":1,"37":2,"41":2,"43":2,"45":2,"46":1,"48":1,"49":1,"50":1}},"/home/travis/build/npmtest/node-npmtest-ibm_db/example.js":{"path":"/home/travis/build/npmtest/node-npmtest-ibm_db/example.js","s":{"1":2,"2":2,"3":2,"4":2,"5":2,"6":2,"7":2,"8":1,"9":2,"10":2,"11":2,"12":2,"13":1,"14":2,"15":2,"16":2,"17":2,"18":2,"19":0,"20":2,"21":1,"22":1,"23":1,"24":1,"25":1,"26":0,"27":0,"28":1,"29":1,"30":2,"31":0,"32":0,"33":0,"34":1,"35":2,"36":2,"37":3,"38":3,"39":3,"40":3,"41":0,"42":3,"43":3,"44":3,"45":1,"46":3,"47":1,"48":1,"49":1,"50":1,"51":1,"52":1,"53":1,"54":1,"55":1,"56":1,"57":0,"58":1,"59":6,"60":6,"61":1,"62":2,"63":0,"64":2,"65":1,"66":1,"67":0,"68":0,"69":0,"70":0,"71":0,"72":0,"73":0,"74":0,"75":0,"76":0,"77":0,"78":0,"79":0,"80":0,"81":0,"82":0,"83":0},"b":{"1":[2,1,1,1],"2":[1,1,1,1],"3":[1,1],"4":[2,2],"5":[1,1],"6":[1,1],"7":[2,0],"8":[2,1,1,1,1,1],"9":[0,2,0],"10":[1,1],"11":[2,1,1],"12":[1,0],"13":[0,2],"14":[2,0,0,0,0,0,0],"15":[0,3],"16":[3,0],"17":[1,1],"18":[0,1],"19":[1,2,0,2],"20":[1,0],"21":[1,1],"22":[0,0],"23":[0,0],"24":[0,0],"25":[0,0],"26":[0,0],"27":[0,0],"28":[0,0]},"f":{"1":2,"2":2,"3":2,"4":2,"5":2,"6":2,"7":3,"8":3,"9":3,"10":1,"11":6,"12":0},"fnMap":{"1":{"name":"(anonymous_1)","line":26,"loc":{"start":{"line":26,"column":1},"end":{"line":26,"column":13}}},"2":{"name":"(anonymous_2)","line":33,"loc":{"start":{"line":33,"column":5},"end":{"line":33,"column":17}}},"3":{"name":"(anonymous_3)","line":37,"loc":{"start":{"line":37,"column":24},"end":{"line":37,"column":36}}},"4":{"name":"(anonymous_4)","line":69,"loc":{"start":{"line":69,"column":31},"end":{"line":69,"column":48}},"skip":true},"5":{"name":"(anonymous_5)","line":78,"loc":{"start":{"line":78,"column":26},"end":{"line":78,"column":45}},"skip":true},"6":{"name":"(anonymous_6)","line":123,"loc":{"start":{"line":123,"column":33},"end":{"line":123,"column":48}},"skip":true},"7":{"name":"(anonymous_7)","line":125,"loc":{"start":{"line":125,"column":27},"end":{"line":125,"column":39}},"skip":true},"8":{"name":"(anonymous_8)","line":133,"loc":{"start":{"line":133,"column":59},"end":{"line":133,"column":74}},"skip":true},"9":{"name":"(anonymous_9)","line":143,"loc":{"start":{"line":143,"column":45},"end":{"line":143,"column":62}},"skip":true},"10":{"name":"(anonymous_10)","line":144,"loc":{"start":{"line":144,"column":73},"end":{"line":144,"column":92}},"skip":true},"11":{"name":"(anonymous_11)","line":272,"loc":{"start":{"line":272,"column":51},"end":{"line":272,"column":77}},"skip":true},"12":{"name":"(anonymous_12)","line":315,"loc":{"start":{"line":315,"column":32},"end":{"line":315,"column":61}},"skip":true}},"statementMap":{"1":{"start":{"line":26,"column":0},"end":{"line":326,"column":5}},"2":{"start":{"line":28,"column":4},"end":{"line":28,"column":14}},"3":{"start":{"line":33,"column":4},"end":{"line":60,"column":9}},"4":{"start":{"line":35,"column":8},"end":{"line":35,"column":19}},"5":{"start":{"line":37,"column":8},"end":{"line":49,"column":13}},"6":{"start":{"line":38,"column":12},"end":{"line":48,"column":13}},"7":{"start":{"line":39,"column":16},"end":{"line":42,"column":30}},"8":{"start":{"line":44,"column":16},"end":{"line":47,"column":27}},"9":{"start":{"line":51,"column":8},"end":{"line":53,"column":21}},"10":{"start":{"line":55,"column":8},"end":{"line":57,"column":45}},"11":{"start":{"line":59,"column":8},"end":{"line":59,"column":35}},"12":{"start":{"line":61,"column":4},"end":{"line":325,"column":5}},"13":{"start":{"line":69,"column":8},"end":{"line":121,"column":10},"skip":true},"14":{"start":{"line":70,"column":12},"end":{"line":88,"column":13},"skip":true},"15":{"start":{"line":76,"column":16},"end":{"line":87,"column":19},"skip":true},"16":{"start":{"line":79,"column":20},"end":{"line":86,"column":21},"skip":true},"17":{"start":{"line":82,"column":24},"end":{"line":82,"column":43},"skip":true},"18":{"start":{"line":83,"column":24},"end":{"line":83,"column":30},"skip":true},"19":{"start":{"line":85,"column":24},"end":{"line":85,"column":49},"skip":true},"20":{"start":{"line":89,"column":12},"end":{"line":107,"column":13},"skip":true},"21":{"start":{"line":92,"column":16},"end":{"line":102,"column":17},"skip":true},"22":{"start":{"line":93,"column":20},"end":{"line":93,"column":86},"skip":true},"23":{"start":{"line":94,"column":20},"end":{"line":95,"column":45},"skip":true},"24":{"start":{"line":96,"column":20},"end":{"line":96,"column":42},"skip":true},"25":{"start":{"line":97,"column":20},"end":{"line":97,"column":48},"skip":true},"26":{"start":{"line":100,"column":20},"end":{"line":100,"column":85},"skip":true},"27":{"start":{"line":101,"column":20},"end":{"line":101,"column":96},"skip":true},"28":{"start":{"line":103,"column":16},"end":{"line":103,"column":22},"skip":true},"29":{"start":{"line":106,"column":16},"end":{"line":106,"column":22},"skip":true},"30":{"start":{"line":108,"column":12},"end":{"line":120,"column":13},"skip":true},"31":{"start":{"line":114,"column":16},"end":{"line":119,"column":17},"skip":true},"32":{"start":{"line":116,"column":20},"end":{"line":116,"column":78},"skip":true},"33":{"start":{"line":118,"column":20},"end":{"line":118,"column":47},"skip":true},"34":{"start":{"line":123,"column":8},"end":{"line":141,"column":11},"skip":true},"35":{"start":{"line":124,"column":12},"end":{"line":124,"column":54},"skip":true},"36":{"start":{"line":125,"column":12},"end":{"line":140,"column":14},"skip":true},"37":{"start":{"line":126,"column":16},"end":{"line":126,"column":28},"skip":true},"38":{"start":{"line":127,"column":16},"end":{"line":127,"column":69},"skip":true},"39":{"start":{"line":128,"column":16},"end":{"line":128,"column":75},"skip":true},"40":{"start":{"line":129,"column":16},"end":{"line":131,"column":17},"skip":true},"41":{"start":{"line":130,"column":20},"end":{"line":130,"column":27},"skip":true},"42":{"start":{"line":133,"column":16},"end":{"line":137,"column":36},"skip":true},"43":{"start":{"line":134,"column":20},"end":{"line":136,"column":55},"skip":true},"44":{"start":{"line":139,"column":16},"end":{"line":139,"column":57},"skip":true},"45":{"start":{"line":143,"column":8},"end":{"line":147,"column":11},"skip":true},"46":{"start":{"line":144,"column":12},"end":{"line":146,"column":15},"skip":true},"47":{"start":{"line":145,"column":16},"end":{"line":145,"column":70},"skip":true},"48":{"start":{"line":149,"column":8},"end":{"line":149,"column":31},"skip":true},"49":{"start":{"line":150,"column":8},"end":{"line":150,"column":14},"skip":true},"50":{"start":{"line":158,"column":8},"end":{"line":158,"column":31},"skip":true},"51":{"start":{"line":160,"column":8},"end":{"line":160,"column":33},"skip":true},"52":{"start":{"line":161,"column":8},"end":{"line":161,"column":37},"skip":true},"53":{"start":{"line":162,"column":8},"end":{"line":162,"column":35},"skip":true},"54":{"start":{"line":164,"column":8},"end":{"line":164,"column":50},"skip":true},"55":{"start":{"line":166,"column":8},"end":{"line":256,"column":2},"skip":true},"56":{"start":{"line":258,"column":8},"end":{"line":286,"column":9},"skip":true},"57":{"start":{"line":259,"column":12},"end":{"line":269,"column":14},"skip":true},"58":{"start":{"line":271,"column":12},"end":{"line":285,"column":19},"skip":true},"59":{"start":{"line":274,"column":20},"end":{"line":274,"column":35},"skip":true},"60":{"start":{"line":275,"column":20},"end":{"line":284,"column":21},"skip":true},"61":{"start":{"line":277,"column":24},"end":{"line":277,"column":64},"skip":true},"62":{"start":{"line":279,"column":24},"end":{"line":279,"column":40},"skip":true},"63":{"start":{"line":281,"column":24},"end":{"line":281,"column":40},"skip":true},"64":{"start":{"line":283,"column":24},"end":{"line":283,"column":39},"skip":true},"65":{"start":{"line":288,"column":8},"end":{"line":290,"column":9},"skip":true},"66":{"start":{"line":289,"column":12},"end":{"line":289,"column":18},"skip":true},"67":{"start":{"line":291,"column":8},"end":{"line":293,"column":54},"skip":true},"68":{"start":{"line":296,"column":8},"end":{"line":301,"column":37},"skip":true},"69":{"start":{"line":303,"column":8},"end":{"line":303,"column":82},"skip":true},"70":{"start":{"line":306,"column":8},"end":{"line":308,"column":9},"skip":true},"71":{"start":{"line":307,"column":12},"end":{"line":307,"column":82},"skip":true},"72":{"start":{"line":310,"column":8},"end":{"line":312,"column":9},"skip":true},"73":{"start":{"line":311,"column":12},"end":{"line":311,"column":18},"skip":true},"74":{"start":{"line":313,"column":8},"end":{"line":313,"column":54},"skip":true},"75":{"start":{"line":314,"column":8},"end":{"line":314,"column":69},"skip":true},"76":{"start":{"line":315,"column":8},"end":{"line":323,"column":36},"skip":true},"77":{"start":{"line":316,"column":12},"end":{"line":316,"column":61},"skip":true},"78":{"start":{"line":317,"column":12},"end":{"line":320,"column":13},"skip":true},"79":{"start":{"line":318,"column":16},"end":{"line":318,"column":75},"skip":true},"80":{"start":{"line":319,"column":16},"end":{"line":319,"column":23},"skip":true},"81":{"start":{"line":321,"column":12},"end":{"line":321,"column":38},"skip":true},"82":{"start":{"line":322,"column":12},"end":{"line":322,"column":27},"skip":true},"83":{"start":{"line":324,"column":8},"end":{"line":324,"column":14},"skip":true}},"branchMap":{"1":{"line":39,"type":"binary-expr","locations":[{"start":{"line":39,"column":23},"end":{"line":39,"column":62}},{"start":{"line":40,"column":20},"end":{"line":40,"column":70}},{"start":{"line":41,"column":20},"end":{"line":41,"column":71}},{"start":{"line":42,"column":20},"end":{"line":42,"column":29}}]},"2":{"line":44,"type":"binary-expr","locations":[{"start":{"line":44,"column":23},"end":{"line":44,"column":37}},{"start":{"line":45,"column":20},"end":{"line":45,"column":61}},{"start":{"line":46,"column":20},"end":{"line":46,"column":70}},{"start":{"line":47,"column":20},"end":{"line":47,"column":26}}]},"3":{"line":51,"type":"cond-expr","locations":[{"start":{"line":52,"column":14},"end":{"line":52,"column":20}},{"start":{"line":53,"column":14},"end":{"line":53,"column":20}}]},"4":{"line":55,"type":"binary-expr","locations":[{"start":{"line":55,"column":16},"end":{"line":55,"column":44}},{"start":{"line":55,"column":49},"end":{"line":57,"column":43}}]},"5":{"line":55,"type":"cond-expr","locations":[{"start":{"line":56,"column":14},"end":{"line":56,"column":50}},{"start":{"line":57,"column":14},"end":{"line":57,"column":43}}]},"6":{"line":61,"type":"switch","locations":[{"start":{"line":68,"column":4},"end":{"line":150,"column":14},"skip":true},{"start":{"line":156,"column":4},"end":{"line":324,"column":14},"skip":true}]},"7":{"line":70,"type":"if","locations":[{"start":{"line":70,"column":12},"end":{"line":70,"column":12},"skip":true},{"start":{"line":70,"column":12},"end":{"line":70,"column":12},"skip":true}]},"8":{"line":70,"type":"binary-expr","locations":[{"start":{"line":70,"column":16},"end":{"line":70,"column":22},"skip":true},{"start":{"line":70,"column":27},"end":{"line":70,"column":32},"skip":true},{"start":{"line":71,"column":20},"end":{"line":71,"column":39},"skip":true},{"start":{"line":72,"column":20},"end":{"line":72,"column":49},"skip":true},{"start":{"line":73,"column":20},"end":{"line":73,"column":58},"skip":true},{"start":{"line":74,"column":20},"end":{"line":74,"column":69},"skip":true}]},"9":{"line":79,"type":"switch","locations":[{"start":{"line":80,"column":20},"end":{"line":80,"column":33},"skip":true},{"start":{"line":81,"column":20},"end":{"line":83,"column":30},"skip":true},{"start":{"line":84,"column":20},"end":{"line":85,"column":49},"skip":true}]},"10":{"line":89,"type":"switch","locations":[{"start":{"line":90,"column":12},"end":{"line":103,"column":22},"skip":true},{"start":{"line":105,"column":12},"end":{"line":106,"column":22},"skip":true}]},"11":{"line":89,"type":"binary-expr","locations":[{"start":{"line":89,"column":20},"end":{"line":89,"column":25},"skip":true},{"start":{"line":89,"column":29},"end":{"line":89,"column":48},"skip":true},{"start":{"line":89,"column":52},"end":{"line":89,"column":74},"skip":true}]},"12":{"line":92,"type":"if","locations":[{"start":{"line":92,"column":16},"end":{"line":92,"column":16},"skip":true},{"start":{"line":92,"column":16},"end":{"line":92,"column":16},"skip":true}]},"13":{"line":108,"type":"if","locations":[{"start":{"line":108,"column":12},"end":{"line":108,"column":12},"skip":true},{"start":{"line":108,"column":12},"end":{"line":108,"column":12},"skip":true}]},"14":{"line":108,"type":"binary-expr","locations":[{"start":{"line":108,"column":16},"end":{"line":108,"column":61},"skip":true},{"start":{"line":108,"column":66},"end":{"line":108,"column":72},"skip":true},{"start":{"line":108,"column":77},"end":{"line":108,"column":82},"skip":true},{"start":{"line":109,"column":20},"end":{"line":109,"column":39},"skip":true},{"start":{"line":110,"column":20},"end":{"line":110,"column":49},"skip":true},{"start":{"line":111,"column":20},"end":{"line":111,"column":58},"skip":true},{"start":{"line":112,"column":20},"end":{"line":112,"column":68},"skip":true}]},"15":{"line":129,"type":"if","locations":[{"start":{"line":129,"column":16},"end":{"line":129,"column":16},"skip":true},{"start":{"line":129,"column":16},"end":{"line":129,"column":16},"skip":true}]},"16":{"line":134,"type":"cond-expr","locations":[{"start":{"line":135,"column":26},"end":{"line":135,"column":29},"skip":true},{"start":{"line":136,"column":26},"end":{"line":136,"column":54},"skip":true}]},"17":{"line":164,"type":"binary-expr","locations":[{"start":{"line":164,"column":27},"end":{"line":164,"column":43},"skip":true},{"start":{"line":164,"column":47},"end":{"line":164,"column":49},"skip":true}]},"18":{"line":258,"type":"if","locations":[{"start":{"line":258,"column":8},"end":{"line":258,"column":8},"skip":true},{"start":{"line":258,"column":8},"end":{"line":258,"column":8},"skip":true}]},"19":{"line":275,"type":"switch","locations":[{"start":{"line":276,"column":20},"end":{"line":277,"column":64},"skip":true},{"start":{"line":278,"column":20},"end":{"line":279,"column":40},"skip":true},{"start":{"line":280,"column":20},"end":{"line":281,"column":40},"skip":true},{"start":{"line":282,"column":20},"end":{"line":283,"column":39},"skip":true}]},"20":{"line":288,"type":"if","locations":[{"start":{"line":288,"column":8},"end":{"line":288,"column":8},"skip":true},{"start":{"line":288,"column":8},"end":{"line":288,"column":8},"skip":true}]},"21":{"line":288,"type":"binary-expr","locations":[{"start":{"line":288,"column":12},"end":{"line":288,"column":40},"skip":true},{"start":{"line":288,"column":44},"end":{"line":288,"column":67},"skip":true}]},"22":{"line":292,"type":"binary-expr","locations":[{"start":{"line":292,"column":12},"end":{"line":292,"column":50},"skip":true},{"start":{"line":293,"column":12},"end":{"line":293,"column":53},"skip":true}]},"23":{"line":297,"type":"binary-expr","locations":[{"start":{"line":297,"column":12},"end":{"line":297,"column":64},"skip":true},{"start":{"line":298,"column":12},"end":{"line":301,"column":36},"skip":true}]},"24":{"line":303,"type":"binary-expr","locations":[{"start":{"line":303,"column":43},"end":{"line":303,"column":75},"skip":true},{"start":{"line":303,"column":79},"end":{"line":303,"column":81},"skip":true}]},"25":{"line":306,"type":"if","locations":[{"start":{"line":306,"column":8},"end":{"line":306,"column":8},"skip":true},{"start":{"line":306,"column":8},"end":{"line":306,"column":8},"skip":true}]},"26":{"line":310,"type":"if","locations":[{"start":{"line":310,"column":8},"end":{"line":310,"column":8},"skip":true},{"start":{"line":310,"column":8},"end":{"line":310,"column":8},"skip":true}]},"27":{"line":313,"type":"binary-expr","locations":[{"start":{"line":313,"column":27},"end":{"line":313,"column":43},"skip":true},{"start":{"line":313,"column":47},"end":{"line":313,"column":53},"skip":true}]},"28":{"line":317,"type":"if","locations":[{"start":{"line":317,"column":12},"end":{"line":317,"column":12},"skip":true},{"start":{"line":317,"column":12},"end":{"line":317,"column":12},"skip":true}]}},"code":["/*","example.js","","quickstart example","","instruction","    1. save this script as example.js","    2. run the shell command:","        $ npm install npmtest-ibm_db && PORT=8081 node example.js","    3. play with the browser-demo on http://127.0.0.1:8081","*/","","","","/* istanbul instrument in package npmtest_ibm_db */","/*jslint","    bitwise: true,","    browser: true,","    maxerr: 8,","    maxlen: 96,","    node: true,","    nomen: true,","    regexp: true,","    stupid: true","*/","(function () {","    'use strict';","    var local;","","","","    // run shared js-env code - pre-init","    (function () {","        // init local","        local = {};","        // init modeJs","        local.modeJs = (function () {","            try {","                return typeof navigator.userAgent === 'string' &&","                    typeof document.querySelector('body') === 'object' &&","                    typeof XMLHttpRequest.prototype.open === 'function' &&","                    'browser';","            } catch (errorCaughtBrowser) {","                return module.exports &&","                    typeof process.versions.node === 'string' &&","                    typeof require('http').createServer === 'function' &&","                    'node';","            }","        }());","        // init global","        local.global = local.modeJs === 'browser'","            ? window","            : global;","        // init utility2_rollup","        local = local.global.utility2_rollup || (local.modeJs === 'browser'","            ? local.global.utility2_npmtest_ibm_db","            : global.utility2_moduleExports);","        // export local","        local.global.local = local;","    }());","    switch (local.modeJs) {","","","","    // post-init","    // run browser js-env code - post-init","    /* istanbul ignore next */","    case 'browser':","        local.testRunBrowser = function (event) {","            if (!event || (event &&","                    event.currentTarget &&","                    event.currentTarget.className &&","                    event.currentTarget.className.includes &&","                    event.currentTarget.className.includes('onreset'))) {","                // reset output","                Array.from(","                    document.querySelectorAll('body > .resettable')","                ).forEach(function (element) {","                    switch (element.tagName) {","                    case 'INPUT':","                    case 'TEXTAREA':","                        element.value = '';","                        break;","                    default:","                        element.textContent = '';","                    }","                });","            }","            switch (event && event.currentTarget && event.currentTarget.id) {","            case 'testRunButton1':","                // show tests","                if (document.querySelector('#testReportDiv1').style.display === 'none') {","                    document.querySelector('#testReportDiv1').style.display = 'block';","                    document.querySelector('#testRunButton1').textContent =","                        'hide internal test';","                    local.modeTest = true;","                    local.testRunDefault(local);","                // hide tests","                } else {","                    document.querySelector('#testReportDiv1').style.display = 'none';","                    document.querySelector('#testRunButton1').textContent = 'run internal test';","                }","                break;","            // custom-case","            default:","                break;","            }","            if (document.querySelector('#inputTextareaEval1') && (!event || (event &&","                    event.currentTarget &&","                    event.currentTarget.className &&","                    event.currentTarget.className.includes &&","                    event.currentTarget.className.includes('oneval')))) {","                // try to eval input-code","                try {","                    /*jslint evil: true*/","                    eval(document.querySelector('#inputTextareaEval1').value);","                } catch (errorCaught) {","                    console.error(errorCaught);","                }","            }","        };","        // log stderr and stdout to #outputTextareaStdout1","        ['error', 'log'].forEach(function (key) {","            console[key + '_original'] = console[key];","            console[key] = function () {","                var element;","                console[key + '_original'].apply(console, arguments);","                element = document.querySelector('#outputTextareaStdout1');","                if (!element) {","                    return;","                }","                // append text to #outputTextareaStdout1","                element.value += Array.from(arguments).map(function (arg) {","                    return typeof arg === 'string'","                        ? arg","                        : JSON.stringify(arg, null, 4);","                }).join(' ') + '\\n';","                // scroll textarea to bottom","                element.scrollTop = element.scrollHeight;","            };","        });","        // init event-handling","        ['change', 'click', 'keyup'].forEach(function (event) {","            Array.from(document.querySelectorAll('.on' + event)).forEach(function (element) {","                element.addEventListener(event, local.testRunBrowser);","            });","        });","        // run tests","        local.testRunBrowser();","        break;","","","","    // run node js-env code - post-init","    /* istanbul ignore next */","    case 'node':","        // export local","        module.exports = local;","        // require modules","        local.fs = require('fs');","        local.http = require('http');","        local.url = require('url');","        // init assets","        local.assetsDict = local.assetsDict || {};","        /* jslint-ignore-begin */","        local.assetsDict['/assets.index.template.html'] = '\\","<!doctype html>\\n\\","<html lang=\"en\">\\n\\","<head>\\n\\","<meta charset=\"UTF-8\">\\n\\","<meta name=\"viewport\" content=\"width=device-width, initial-scale=1\">\\n\\","<title>{{env.npm_package_name}} (v{{env.npm_package_version}})</title>\\n\\","<style>\\n\\","/*csslint\\n\\","    box-sizing: false,\\n\\","    universal-selector: false\\n\\","*/\\n\\","* {\\n\\","    box-sizing: border-box;\\n\\","}\\n\\","body {\\n\\","    background: #dde;\\n\\","    font-family: Arial, Helvetica, sans-serif;\\n\\","    margin: 2rem;\\n\\","}\\n\\","body > * {\\n\\","    margin-bottom: 1rem;\\n\\","}\\n\\",".utility2FooterDiv {\\n\\","    margin-top: 20px;\\n\\","    text-align: center;\\n\\","}\\n\\","</style>\\n\\","<style>\\n\\","/*csslint\\n\\","*/\\n\\","textarea {\\n\\","    font-family: monospace;\\n\\","    height: 10rem;\\n\\","    width: 100%;\\n\\","}\\n\\","textarea[readonly] {\\n\\","    background: #ddd;\\n\\","}\\n\\","</style>\\n\\","</head>\\n\\","<body>\\n\\","<!-- utility2-comment\\n\\","<div id=\"ajaxProgressDiv1\" style=\"background: #d00; height: 2px; left: 0; margin: 0; padding: 0; position: fixed; top: 0; transition: background 0.5s, width 1.5s; width: 25%;\"></div>\\n\\","utility2-comment -->\\n\\","<h1>\\n\\","<!-- utility2-comment\\n\\","    <a\\n\\","        {{#if env.npm_package_homepage}}\\n\\","        href=\"{{env.npm_package_homepage}}\"\\n\\","        {{/if env.npm_package_homepage}}\\n\\","        target=\"_blank\"\\n\\","    >\\n\\","utility2-comment -->\\n\\","        {{env.npm_package_name}} (v{{env.npm_package_version}})\\n\\","<!-- utility2-comment\\n\\","    </a>\\n\\","utility2-comment -->\\n\\","</h1>\\n\\","<h3>{{env.npm_package_description}}</h3>\\n\\","<!-- utility2-comment\\n\\","<h4><a download href=\"assets.app.js\">download standalone app</a></h4>\\n\\","<button class=\"onclick onreset\" id=\"testRunButton1\">run internal test</button><br>\\n\\","<div id=\"testReportDiv1\" style=\"display: none;\"></div>\\n\\","utility2-comment -->\\n\\","\\n\\","\\n\\","\\n\\","<label>stderr and stdout</label>\\n\\","<textarea class=\"resettable\" id=\"outputTextareaStdout1\" readonly></textarea>\\n\\","<!-- utility2-comment\\n\\","{{#if isRollup}}\\n\\","<script src=\"assets.app.js\"></script>\\n\\","{{#unless isRollup}}\\n\\","utility2-comment -->\\n\\","<script src=\"assets.utility2.rollup.js\"></script>\\n\\","<script src=\"jsonp.utility2._stateInit?callback=window.utility2._stateInit\"></script>\\n\\","<script src=\"assets.npmtest_ibm_db.rollup.js\"></script>\\n\\","<script src=\"assets.example.js\"></script>\\n\\","<script src=\"assets.test.js\"></script>\\n\\","<!-- utility2-comment\\n\\","{{/if isRollup}}\\n\\","utility2-comment -->\\n\\","<div class=\"utility2FooterDiv\">\\n\\","    [ this app was created with\\n\\","    <a href=\"https://github.com/kaizhu256/node-utility2\" target=\"_blank\">utility2</a>\\n\\","    ]\\n\\","</div>\\n\\","</body>\\n\\","</html>\\n\\","';","        /* jslint-ignore-end */","        if (local.templateRender) {","            local.assetsDict['/'] = local.templateRender(","                local.assetsDict['/assets.index.template.html'],","                {","                    env: local.objectSetDefault(local.env, {","                        npm_package_description: 'the greatest app in the world!',","                        npm_package_name: 'my-app',","                        npm_package_nameAlias: 'my_app',","                        npm_package_version: '0.0.1'","                    })","                }","            );","        } else {","            local.assetsDict['/'] = local.assetsDict['/assets.index.template.html']","                .replace((/\\{\\{env\\.(\\w+?)\\}\\}/g), function (match0, match1) {","                    // jslint-hack","                    String(match0);","                    switch (match1) {","                    case 'npm_package_description':","                        return 'the greatest app in the world!';","                    case 'npm_package_name':","                        return 'my-app';","                    case 'npm_package_nameAlias':","                        return 'my_app';","                    case 'npm_package_version':","                        return '0.0.1';","                    }","                });","        }","        // run the cli","        if (local.global.utility2_rollup || module !== require.main) {","            break;","        }","        local.assetsDict['/assets.example.js'] =","            local.assetsDict['/assets.example.js'] ||","            local.fs.readFileSync(__filename, 'utf8');","        // bug-workaround - long $npm_package_buildCustomOrg","        /* jslint-ignore-begin */","        local.assetsDict['/assets.npmtest_ibm_db.rollup.js'] =","            local.assetsDict['/assets.npmtest_ibm_db.rollup.js'] ||","            local.fs.readFileSync(","                local.npmtest_ibm_db.__dirname + '/lib.npmtest_ibm_db.js',","                'utf8'","            ).replace((/^#!/), '//');","        /* jslint-ignore-end */","        local.assetsDict['/favicon.ico'] = local.assetsDict['/favicon.ico'] || '';","        // if $npm_config_timeout_exit exists,","        // then exit this process after $npm_config_timeout_exit ms","        if (Number(process.env.npm_config_timeout_exit)) {","            setTimeout(process.exit, Number(process.env.npm_config_timeout_exit));","        }","        // start server","        if (local.global.utility2_serverHttp1) {","            break;","        }","        process.env.PORT = process.env.PORT || '8081';","        console.error('server starting on port ' + process.env.PORT);","        local.http.createServer(function (request, response) {","            request.urlParsed = local.url.parse(request.url);","            if (local.assetsDict[request.urlParsed.pathname] !== undefined) {","                response.end(local.assetsDict[request.urlParsed.pathname]);","                return;","            }","            response.statusCode = 404;","            response.end();","        }).listen(process.env.PORT);","        break;","    }","}());",""],"l":{"26":2,"28":2,"33":2,"35":2,"37":2,"38":2,"39":2,"44":1,"51":2,"55":2,"59":2,"61":2,"69":1,"70":2,"76":2,"79":2,"82":2,"83":2,"85":1,"89":2,"92":1,"93":1,"94":1,"96":1,"97":1,"100":1,"101":1,"103":1,"106":1,"108":2,"114":1,"116":1,"118":1,"123":1,"124":2,"125":2,"126":3,"127":3,"128":3,"129":3,"130":1,"133":3,"134":3,"139":3,"143":1,"144":3,"145":1,"149":1,"150":1,"158":1,"160":1,"161":1,"162":1,"164":1,"166":1,"258":1,"259":1,"271":1,"274":6,"275":6,"277":1,"279":2,"281":1,"283":2,"288":1,"289":1,"291":1,"296":1,"303":1,"306":1,"307":1,"310":1,"311":1,"313":1,"314":1,"315":1,"316":1,"317":1,"318":1,"319":1,"321":1,"322":1,"324":1}},"/home/travis/build/npmtest/node-npmtest-ibm_db/node_modules/ibm_db/lib/odbc.js":{"path":"/home/travis/build/npmtest/node-npmtest-ibm_db/node_modules/ibm_db/lib/odbc.js","s":{"1":1,"2":1,"3":0,"4":1,"5":1,"6":1,"7":0,"8":1,"9":1,"10":1,"11":1,"12":1,"13":1,"14":1,"15":1,"16":0,"17":0,"18":1,"19":1,"20":0,"21":0,"22":0,"23":0,"24":0,"25":1,"26":0,"27":0,"28":0,"29":0,"30":0,"31":0,"32":0,"33":0,"34":0,"35":0,"36":0,"37":0,"38":0,"39":0,"40":0,"41":0,"42":0,"43":0,"44":0,"45":1,"46":0,"47":0,"48":0,"49":1,"50":0,"51":0,"52":0,"53":0,"54":0,"55":1,"56":0,"57":0,"58":0,"59":0,"60":0,"61":0,"62":0,"63":0,"64":0,"65":0,"66":1,"67":7,"68":7,"69":7,"70":1,"71":0,"72":0,"73":0,"74":0,"75":0,"76":0,"77":0,"78":0,"79":0,"80":0,"81":0,"82":0,"83":0,"84":0,"85":0,"86":0,"87":0,"88":0,"89":0,"90":0,"91":0,"92":0,"93":0,"94":0,"95":0,"96":0,"97":0,"98":0,"99":0,"100":0,"101":1,"102":0,"103":0,"104":0,"105":0,"106":0,"107":0,"108":0,"109":0,"110":0,"111":0,"112":0,"113":0,"114":0,"115":0,"116":0,"117":1,"118":0,"119":0,"120":0,"121":0,"122":0,"123":0,"124":0,"125":0,"126":0,"127":0,"128":0,"129":0,"130":0,"131":0,"132":1,"133":0,"134":0,"135":0,"136":0,"137":0,"138":0,"139":0,"140":1,"141":0,"142":0,"143":0,"144":0,"145":0,"146":0,"147":0,"148":0,"149":0,"150":0,"151":0,"152":0,"153":1,"154":0,"155":0,"156":0,"157":0,"158":0,"159":0,"160":0,"161":1,"162":0,"163":0,"164":0,"165":0,"166":0,"167":0,"168":0,"169":0,"170":0,"171":0,"172":0,"173":0,"174":0,"175":0,"176":0,"177":0,"178":0,"179":0,"180":0,"181":0,"182":0,"183":0,"184":0,"185":0,"186":0,"187":0,"188":0,"189":0,"190":0,"191":0,"192":0,"193":0,"194":0,"195":0,"196":0,"197":0,"198":0,"199":0,"200":0,"201":0,"202":0,"203":0,"204":0,"205":0,"206":0,"207":0,"208":0,"209":0,"210":0,"211":0,"212":0,"213":0,"214":1,"215":0,"216":0,"217":0,"218":0,"219":0,"220":0,"221":0,"222":0,"223":0,"224":0,"225":0,"226":0,"227":0,"228":0,"229":0,"230":0,"231":0,"232":0,"233":0,"234":0,"235":0,"236":0,"237":0,"238":1,"239":0,"240":0,"241":0,"242":0,"243":0,"244":0,"245":0,"246":1,"247":0,"248":0,"249":0,"250":0,"251":0,"252":0,"253":0,"254":0,"255":0,"256":0,"257":0,"258":0,"259":0,"260":0,"261":0,"262":0,"263":0,"264":0,"265":0,"266":0,"267":0,"268":0,"269":0,"270":0,"271":0,"272":1,"273":0,"274":0,"275":0,"276":0,"277":0,"278":0,"279":0,"280":0,"281":0,"282":0,"283":0,"284":0,"285":0,"286":0,"287":0,"288":0,"289":0,"290":0,"291":0,"292":0,"293":0,"294":0,"295":0,"296":0,"297":0,"298":0,"299":0,"300":0,"301":0,"302":0,"303":0,"304":0,"305":0,"306":0,"307":0,"308":0,"309":0,"310":0,"311":0,"312":0,"313":0,"314":0,"315":0,"316":0,"317":0,"318":0,"319":0,"320":0,"321":0,"322":0,"323":0,"324":0,"325":0,"326":1,"327":0,"328":0,"329":0,"330":0,"331":0,"332":0,"333":0,"334":0,"335":0,"336":0,"337":0,"338":0,"339":0,"340":1,"341":0,"342":0,"343":0,"344":0,"345":0,"346":0,"347":0,"348":0,"349":0,"350":1,"351":0,"352":0,"353":0,"354":0,"355":0,"356":0,"357":0,"358":0,"359":0,"360":0,"361":1,"362":0,"363":0,"364":0,"365":0,"366":1,"367":0,"368":0,"369":0,"370":0,"371":0,"372":0,"373":0,"374":0,"375":0,"376":0,"377":1,"378":0,"379":0,"380":0,"381":0,"382":0,"383":0,"384":0,"385":0,"386":0,"387":0,"388":1,"389":0,"390":0,"391":0,"392":0,"393":1,"394":0,"395":0,"396":0,"397":0,"398":1,"399":0,"400":0,"401":0,"402":0,"403":1,"404":0,"405":0,"406":0,"407":0,"408":1,"409":0,"410":0,"411":0,"412":0,"413":0,"414":0,"415":0,"416":0,"417":0,"418":0,"419":0,"420":0,"421":1,"422":0,"423":0,"424":0,"425":0,"426":0,"427":0,"428":0,"429":0,"430":0,"431":0,"432":0,"433":0,"434":1,"435":0,"436":0,"437":0,"438":0,"439":0,"440":0,"441":0,"442":0,"443":0,"444":0,"445":0,"446":0,"447":0,"448":0,"449":0,"450":0,"451":0,"452":1,"453":0,"454":0,"455":0,"456":0,"457":0,"458":0,"459":0,"460":0,"461":0,"462":0,"463":0,"464":0,"465":0,"466":0,"467":0,"468":0,"469":1,"470":0,"471":0,"472":0,"473":0,"474":0,"475":1,"476":0,"477":0,"478":1,"479":1,"480":1,"481":1,"482":1,"483":1,"484":1,"485":1,"486":1,"487":1,"488":0,"489":0,"490":0,"491":0,"492":0,"493":0,"494":0,"495":0,"496":0,"497":0,"498":0,"499":0,"500":0,"501":0,"502":0,"503":0,"504":0,"505":0,"506":0,"507":0,"508":0,"509":0,"510":0,"511":0,"512":0,"513":0,"514":0,"515":0,"516":0,"517":0,"518":0,"519":0,"520":0,"521":0,"522":0,"523":0,"524":0,"525":1,"526":0,"527":0,"528":0,"529":0,"530":0,"531":0,"532":1,"533":0,"534":0,"535":0,"536":0,"537":0,"538":0,"539":0,"540":0,"541":0,"542":0,"543":0,"544":0,"545":0,"546":0,"547":0,"548":0,"549":0,"550":0,"551":0,"552":0,"553":0,"554":0,"555":0,"556":0,"557":0,"558":0,"559":0,"560":0,"561":0,"562":0,"563":0,"564":0,"565":0,"566":0,"567":0,"568":0,"569":0,"570":0,"571":0,"572":0,"573":0,"574":0,"575":0,"576":0,"577":0,"578":0,"579":0,"580":0,"581":0,"582":0,"583":0,"584":0,"585":0,"586":0,"587":0,"588":0,"589":0,"590":0,"591":0,"592":0,"593":0,"594":0,"595":0,"596":0,"597":0,"598":0,"599":0,"600":0,"601":0,"602":0,"603":0,"604":0,"605":0,"606":0,"607":0,"608":0,"609":0,"610":0,"611":0,"612":0,"613":0,"614":0,"615":0,"616":0,"617":0,"618":0,"619":0,"620":0,"621":0,"622":0,"623":0,"624":1,"625":0,"626":0,"627":0,"628":0,"629":1,"630":0,"631":0,"632":0,"633":0,"634":0,"635":0,"636":1,"637":0,"638":0,"639":0,"640":0,"641":0,"642":0,"643":0,"644":0,"645":0,"646":0,"647":0,"648":0,"649":0,"650":0,"651":0,"652":0,"653":0,"654":0,"655":0,"656":0,"657":0,"658":0,"659":0,"660":0,"661":0,"662":0,"663":0,"664":0,"665":0,"666":0,"667":0,"668":0,"669":0,"670":0,"671":0,"672":0,"673":0,"674":0,"675":0,"676":0,"677":0,"678":1,"679":0,"680":0,"681":0,"682":0,"683":0,"684":0,"685":0,"686":1,"687":0,"688":0,"689":0,"690":0,"691":0,"692":0,"693":0,"694":0,"695":0,"696":0,"697":1,"698":0,"699":0,"700":0,"701":0,"702":0,"703":0,"704":1,"705":1,"706":1,"707":0,"708":0,"709":0,"710":0,"711":0,"712":0,"713":0,"714":0,"715":0,"716":0,"717":0,"718":0,"719":0,"720":0,"721":0,"722":0,"723":0,"724":0,"725":0,"726":0,"727":0,"728":0,"729":1,"730":0,"731":0,"732":0,"733":0,"734":0,"735":0,"736":0,"737":0,"738":0,"739":0,"740":0,"741":0,"742":0,"743":0,"744":0,"745":0,"746":0,"747":0,"748":0,"749":0,"750":0,"751":0,"752":0,"753":0,"754":0,"755":0,"756":0,"757":0,"758":0,"759":0,"760":0,"761":0,"762":0,"763":0,"764":0,"765":0,"766":0,"767":0,"768":0,"769":0,"770":0,"771":0,"772":0,"773":0,"774":0,"775":0,"776":0,"777":0,"778":0,"779":0,"780":0,"781":1,"782":0,"783":0,"784":0,"785":0,"786":0,"787":0,"788":0,"789":0,"790":0,"791":0,"792":0,"793":0,"794":0,"795":0,"796":0,"797":0,"798":0,"799":0,"800":0,"801":0,"802":0,"803":0,"804":0,"805":0,"806":0,"807":0,"808":0,"809":0,"810":0,"811":0,"812":0,"813":0,"814":0,"815":0,"816":0,"817":0,"818":0,"819":0,"820":0,"821":0,"822":0,"823":1,"824":0,"825":0,"826":0,"827":1,"828":0,"829":0,"830":0,"831":1,"832":0,"833":0,"834":0,"835":0,"836":0,"837":0,"838":0,"839":0,"840":0,"841":0,"842":0,"843":1,"844":0,"845":0,"846":0,"847":0,"848":0,"849":0,"850":0,"851":0,"852":0,"853":0,"854":0,"855":0,"856":0,"857":0,"858":0,"859":0,"860":0,"861":0,"862":0,"863":0,"864":0,"865":0,"866":0,"867":0,"868":0,"869":0,"870":0,"871":0,"872":0,"873":0,"874":0,"875":0,"876":0,"877":0,"878":0,"879":0,"880":0,"881":0,"882":0,"883":0},"b":{"1":[0,1],"2":[0,0],"3":[0,0],"4":[0,0],"5":[0,0],"6":[0,0],"7":[0,0],"8":[0,0],"9":[0,0],"10":[0,0],"11":[0,0],"12":[0,0],"13":[0,0],"14":[0,0],"15":[0,0],"16":[7,0],"17":[0,0],"18":[0,0],"19":[0,0],"20":[0,0],"21":[0,0],"22":[0,0],"23":[0,0],"24":[0,0],"25":[0,0],"26":[0,0],"27":[0,0],"28":[0,0],"29":[0,0],"30":[0,0],"31":[0,0],"32":[0,0],"33":[0,0],"34":[0,0],"35":[0,0],"36":[0,0],"37":[0,0],"38":[0,0],"39":[0,0],"40":[0,0],"41":[0,0],"42":[0,0],"43":[0,0],"44":[0,0],"45":[0,0],"46":[0,0],"47":[0,0],"48":[0,0],"49":[0,0],"50":[0,0],"51":[0,0],"52":[0,0],"53":[0,0],"54":[0,0],"55":[0,0,0,0,0,0],"56":[0,0],"57":[0,0],"58":[0,0],"59":[0,0],"60":[0,0],"61":[0,0],"62":[0,0],"63":[0,0],"64":[0,0],"65":[0,0],"66":[0,0],"67":[0,0],"68":[0,0],"69":[0,0],"70":[0,0],"71":[0,0],"72":[0,0],"73":[0,0],"74":[0,0],"75":[0,0],"76":[0,0],"77":[0,0],"78":[0,0],"79":[0,0],"80":[0,0],"81":[0,0],"82":[0,0],"83":[0,0],"84":[0,0],"85":[0,0],"86":[0,0],"87":[0,0],"88":[0,0],"89":[0,0],"90":[0,0],"91":[0,0],"92":[0,0],"93":[0,0],"94":[0,0],"95":[0,0],"96":[0,0],"97":[0,0],"98":[0,0],"99":[0,0],"100":[0,0],"101":[0,0],"102":[0,0],"103":[0,0],"104":[0,0],"105":[0,0],"106":[0,0],"107":[0,0],"108":[0,0],"109":[0,0],"110":[0,0],"111":[0,0],"112":[0,0],"113":[0,0],"114":[0,0],"115":[0,0],"116":[0,0],"117":[0,0],"118":[0,0],"119":[0,0],"120":[0,0],"121":[0,0],"122":[0,0],"123":[0,0],"124":[0,0],"125":[0,0],"126":[0,0],"127":[0,0],"128":[0,0],"129":[0,0],"130":[0,0],"131":[0,0],"132":[0,0],"133":[0,0],"134":[0,0],"135":[0,0],"136":[0,0],"137":[0,0],"138":[0,0],"139":[0,0],"140":[0,0],"141":[0,0],"142":[0,0],"143":[0,0],"144":[0,0],"145":[0,0],"146":[0,0],"147":[0,0],"148":[0,0],"149":[0,0],"150":[0,0],"151":[0,0],"152":[0,0],"153":[0,0],"154":[0,0],"155":[0,0],"156":[0,0],"157":[0,0],"158":[0,0],"159":[0,0],"160":[0,0],"161":[0,0],"162":[0,0],"163":[0,0],"164":[0,0],"165":[0,0],"166":[0,0],"167":[0,0],"168":[0,0],"169":[0,0],"170":[0,0],"171":[0,0],"172":[0,0],"173":[0,0],"174":[0,0],"175":[0,0],"176":[0,0],"177":[0,0],"178":[0,0],"179":[0,0],"180":[0,0],"181":[0,0],"182":[0,0],"183":[0,0],"184":[0,0],"185":[0,0],"186":[0,0],"187":[0,0],"188":[0,0],"189":[0,0],"190":[0,0],"191":[0,0],"192":[0,0],"193":[0,0],"194":[0,0],"195":[0,0],"196":[0,0],"197":[0,0],"198":[0,0],"199":[0,0],"200":[0,0],"201":[0,0],"202":[0,0],"203":[0,0],"204":[0,0],"205":[0,0],"206":[0,0],"207":[0,0],"208":[0,0],"209":[0,0],"210":[0,0],"211":[0,0],"212":[0,0],"213":[0,0],"214":[0,0],"215":[0,0],"216":[0,0],"217":[0,0],"218":[0,0],"219":[0,0],"220":[0,0,0,0],"221":[0,1],"222":[0,0],"223":[0,0],"224":[0,0],"225":[0,0],"226":[0,0],"227":[0,0],"228":[0,0],"229":[0,0],"230":[0,0],"231":[0,0],"232":[0,0],"233":[0,0],"234":[0,0],"235":[0,0],"236":[0,0],"237":[0,0],"238":[0,0],"239":[0,0],"240":[0,0],"241":[0,0],"242":[0,0],"243":[0,0],"244":[0,0],"245":[0,0],"246":[0,0],"247":[0,0],"248":[0,0],"249":[0,0],"250":[0,0],"251":[0,0],"252":[0,0],"253":[0,0],"254":[0,0],"255":[0,0],"256":[0,0],"257":[0,0],"258":[0,0],"259":[0,0],"260":[0,0],"261":[0,0],"262":[0,0],"263":[0,0],"264":[0,0],"265":[0,0],"266":[0,0],"267":[0,0],"268":[0,0],"269":[0,0],"270":[0,0],"271":[0,0],"272":[0,0],"273":[0,0],"274":[0,0],"275":[0,0],"276":[0,0],"277":[0,0],"278":[0,0],"279":[0,0],"280":[0,0],"281":[0,0],"282":[0,0],"283":[0,0],"284":[0,0],"285":[0,0],"286":[0,0],"287":[0,0],"288":[0,0],"289":[0,0],"290":[0,0],"291":[0,0],"292":[0,0],"293":[0,0],"294":[0,0],"295":[0,0],"296":[0,0],"297":[0,0],"298":[0,0],"299":[0,0],"300":[0,0],"301":[0,0],"302":[0,0,0],"303":[0,0],"304":[0,0],"305":[0,0],"306":[0,0],"307":[0,0],"308":[0,0],"309":[0,0],"310":[0,0],"311":[0,0],"312":[0,0],"313":[0,0],"314":[0,0],"315":[0,0],"316":[0,0],"317":[0,0],"318":[0,0],"319":[0,0]},"f":{"1":0,"2":0,"3":0,"4":0,"5":0,"6":0,"7":0,"8":0,"9":0,"10":0,"11":7,"12":0,"13":0,"14":0,"15":0,"16":0,"17":0,"18":0,"19":0,"20":0,"21":0,"22":0,"23":0,"24":0,"25":0,"26":0,"27":0,"28":0,"29":0,"30":0,"31":0,"32":0,"33":0,"34":0,"35":0,"36":0,"37":0,"38":0,"39":0,"40":0,"41":0,"42":0,"43":0,"44":0,"45":0,"46":0,"47":0,"48":0,"49":0,"50":0,"51":0,"52":0,"53":0,"54":0,"55":0,"56":0,"57":0,"58":0,"59":0,"60":0,"61":0,"62":0,"63":0,"64":0,"65":0,"66":0,"67":0,"68":0,"69":0,"70":0,"71":0,"72":0,"73":0,"74":0,"75":0,"76":0,"77":0,"78":0,"79":0,"80":0,"81":0,"82":0,"83":0,"84":0,"85":0,"86":0,"87":0,"88":0,"89":0,"90":0,"91":0,"92":0,"93":0,"94":0,"95":0,"96":0,"97":0,"98":0,"99":0,"100":0,"101":0,"102":0,"103":0,"104":0},"fnMap":{"1":{"name":"(anonymous_1)","line":39,"loc":{"start":{"line":39,"column":17},"end":{"line":40,"column":0}}},"2":{"name":"(anonymous_2)","line":52,"loc":{"start":{"line":52,"column":21},"end":{"line":52,"column":31}}},"3":{"name":"(anonymous_3)","line":59,"loc":{"start":{"line":59,"column":23},"end":{"line":59,"column":35}}},"4":{"name":"(anonymous_4)","line":70,"loc":{"start":{"line":70,"column":22},"end":{"line":71,"column":0}}},"5":{"name":"(anonymous_5)","line":74,"loc":{"start":{"line":74,"column":18},"end":{"line":74,"column":36}}},"6":{"name":"(anonymous_6)","line":86,"loc":{"start":{"line":86,"column":21},"end":{"line":86,"column":35}}},"7":{"name":"(anonymous_7)","line":107,"loc":{"start":{"line":107,"column":19},"end":{"line":107,"column":34}}},"8":{"name":"(anonymous_8)","line":112,"loc":{"start":{"line":112,"column":26},"end":{"line":113,"column":0}}},"9":{"name":"(anonymous_9)","line":119,"loc":{"start":{"line":119,"column":23},"end":{"line":120,"column":0}}},"10":{"name":"Database","line":132,"loc":{"start":{"line":132,"column":0},"end":{"line":133,"column":0}}},"11":{"name":"(anonymous_11)","line":148,"loc":{"start":{"line":148,"column":31},"end":{"line":148,"column":46}}},"12":{"name":"(anonymous_12)","line":159,"loc":{"start":{"line":159,"column":26},"end":{"line":159,"column":49}}},"13":{"name":"(anonymous_13)","line":167,"loc":{"start":{"line":167,"column":29},"end":{"line":167,"column":44}}},"14":{"name":"(anonymous_14)","line":177,"loc":{"start":{"line":177,"column":29},"end":{"line":177,"column":50}}},"15":{"name":"(anonymous_15)","line":197,"loc":{"start":{"line":197,"column":28},"end":{"line":198,"column":4}}},"16":{"name":"(anonymous_16)","line":220,"loc":{"start":{"line":220,"column":30},"end":{"line":221,"column":0}}},"17":{"name":"(anonymous_17)","line":240,"loc":{"start":{"line":240,"column":29},"end":{"line":240,"column":44}}},"18":{"name":"(anonymous_18)","line":255,"loc":{"start":{"line":255,"column":27},"end":{"line":256,"column":0}}},"19":{"name":"(anonymous_19)","line":263,"loc":{"start":{"line":263,"column":18},"end":{"line":263,"column":34}}},"20":{"name":"(anonymous_20)","line":266,"loc":{"start":{"line":266,"column":22},"end":{"line":266,"column":37}}},"21":{"name":"(anonymous_21)","line":289,"loc":{"start":{"line":289,"column":31},"end":{"line":290,"column":0}}},"22":{"name":"(anonymous_22)","line":302,"loc":{"start":{"line":302,"column":27},"end":{"line":303,"column":0}}},"23":{"name":"(anonymous_23)","line":327,"loc":{"start":{"line":327,"column":18},"end":{"line":327,"column":34}}},"24":{"name":"cbQuery","line":328,"loc":{"start":{"line":328,"column":4},"end":{"line":329,"column":4}}},"25":{"name":"fetchMore","line":341,"loc":{"start":{"line":341,"column":6},"end":{"line":342,"column":6}}},"26":{"name":"(anonymous_26)","line":348,"loc":{"start":{"line":348,"column":24},"end":{"line":348,"column":55}}},"27":{"name":"(anonymous_27)","line":447,"loc":{"start":{"line":447,"column":33},"end":{"line":448,"column":0}}},"28":{"name":"(anonymous_28)","line":473,"loc":{"start":{"line":473,"column":18},"end":{"line":473,"column":34}}},"29":{"name":"cbQuery","line":495,"loc":{"start":{"line":495,"column":4},"end":{"line":496,"column":4}}},"30":{"name":"(anonymous_30)","line":515,"loc":{"start":{"line":515,"column":37},"end":{"line":516,"column":0}}},"31":{"name":"(anonymous_31)","line":571,"loc":{"start":{"line":571,"column":31},"end":{"line":572,"column":0}}},"32":{"name":"queryStream","line":666,"loc":{"start":{"line":666,"column":33},"end":{"line":667,"column":0}}},"33":{"name":"(anonymous_33)","line":671,"loc":{"start":{"line":671,"column":17},"end":{"line":672,"column":2}}},"34":{"name":"(anonymous_34)","line":679,"loc":{"start":{"line":679,"column":41},"end":{"line":680,"column":4}}},"35":{"name":"(anonymous_35)","line":683,"loc":{"start":{"line":683,"column":32},"end":{"line":683,"column":44}}},"36":{"name":"(anonymous_36)","line":692,"loc":{"start":{"line":692,"column":43},"end":{"line":693,"column":0}}},"37":{"name":"(anonymous_37)","line":695,"loc":{"start":{"line":695,"column":23},"end":{"line":696,"column":2}}},"38":{"name":"(anonymous_38)","line":699,"loc":{"start":{"line":699,"column":30},"end":{"line":699,"column":42}}},"39":{"name":"(anonymous_39)","line":716,"loc":{"start":{"line":716,"column":38},"end":{"line":717,"column":0}}},"40":{"name":"(anonymous_40)","line":724,"loc":{"start":{"line":724,"column":25},"end":{"line":725,"column":4}}},"41":{"name":"(anonymous_41)","line":743,"loc":{"start":{"line":743,"column":36},"end":{"line":744,"column":0}}},"42":{"name":"(anonymous_42)","line":753,"loc":{"start":{"line":753,"column":39},"end":{"line":754,"column":0}}},"43":{"name":"(anonymous_43)","line":759,"loc":{"start":{"line":759,"column":23},"end":{"line":760,"column":4}}},"44":{"name":"(anonymous_44)","line":779,"loc":{"start":{"line":779,"column":41},"end":{"line":780,"column":0}}},"45":{"name":"(anonymous_45)","line":784,"loc":{"start":{"line":784,"column":23},"end":{"line":784,"column":37}}},"46":{"name":"(anonymous_46)","line":800,"loc":{"start":{"line":800,"column":42},"end":{"line":801,"column":0}}},"47":{"name":"(anonymous_47)","line":810,"loc":{"start":{"line":810,"column":40},"end":{"line":811,"column":0}}},"48":{"name":"(anonymous_48)","line":820,"loc":{"start":{"line":820,"column":43},"end":{"line":821,"column":0}}},"49":{"name":"(anonymous_49)","line":830,"loc":{"start":{"line":830,"column":45},"end":{"line":831,"column":0}}},"50":{"name":"(anonymous_50)","line":840,"loc":{"start":{"line":840,"column":29},"end":{"line":841,"column":0}}},"51":{"name":"(anonymous_51)","line":847,"loc":{"start":{"line":847,"column":18},"end":{"line":848,"column":2}}},"52":{"name":"(anonymous_52)","line":849,"loc":{"start":{"line":849,"column":54},"end":{"line":850,"column":4}}},"53":{"name":"(anonymous_53)","line":853,"loc":{"start":{"line":853,"column":22},"end":{"line":854,"column":6}}},"54":{"name":"(anonymous_54)","line":863,"loc":{"start":{"line":863,"column":28},"end":{"line":864,"column":0}}},"55":{"name":"(anonymous_55)","line":870,"loc":{"start":{"line":870,"column":18},"end":{"line":871,"column":2}}},"56":{"name":"(anonymous_56)","line":872,"loc":{"start":{"line":872,"column":51},"end":{"line":873,"column":4}}},"57":{"name":"(anonymous_57)","line":876,"loc":{"start":{"line":876,"column":22},"end":{"line":877,"column":6}}},"58":{"name":"(anonymous_58)","line":886,"loc":{"start":{"line":886,"column":30},"end":{"line":887,"column":0}}},"59":{"name":"(anonymous_59)","line":944,"loc":{"start":{"line":944,"column":29},"end":{"line":945,"column":0}}},"60":{"name":"(anonymous_60)","line":953,"loc":{"start":{"line":953,"column":28},"end":{"line":954,"column":2}}},"61":{"name":"(anonymous_61)","line":968,"loc":{"start":{"line":968,"column":22},"end":{"line":969,"column":4}}},"62":{"name":"(anonymous_62)","line":987,"loc":{"start":{"line":987,"column":33},"end":{"line":988,"column":0}}},"63":{"name":"(anonymous_63)","line":1000,"loc":{"start":{"line":1000,"column":39},"end":{"line":1001,"column":0}}},"64":{"name":"(anonymous_64)","line":1017,"loc":{"start":{"line":1017,"column":39},"end":{"line":1018,"column":0}}},"65":{"name":"(anonymous_65)","line":1039,"loc":{"start":{"line":1039,"column":18},"end":{"line":1039,"column":34}}},"66":{"name":"(anonymous_66)","line":1058,"loc":{"start":{"line":1058,"column":25},"end":{"line":1058,"column":40}}},"67":{"name":"(anonymous_67)","line":1070,"loc":{"start":{"line":1070,"column":22},"end":{"line":1070,"column":56}}},"68":{"name":"(anonymous_68)","line":1092,"loc":{"start":{"line":1092,"column":20},"end":{"line":1092,"column":54}}},"69":{"name":"(anonymous_69)","line":1120,"loc":{"start":{"line":1120,"column":43},"end":{"line":1121,"column":0}}},"70":{"name":"parseParams","line":1134,"loc":{"start":{"line":1134,"column":0},"end":{"line":1135,"column":0}}},"71":{"name":"(anonymous_71)","line":1273,"loc":{"start":{"line":1273,"column":23},"end":{"line":1274,"column":4}}},"72":{"name":"(anonymous_72)","line":1280,"loc":{"start":{"line":1280,"column":45},"end":{"line":1281,"column":0}}},"73":{"name":"(anonymous_73)","line":1286,"loc":{"start":{"line":1286,"column":18},"end":{"line":1286,"column":34}}},"74":{"name":"(anonymous_74)","line":1287,"loc":{"start":{"line":1287,"column":29},"end":{"line":1287,"column":52}}},"75":{"name":"(anonymous_75)","line":1295,"loc":{"start":{"line":1295,"column":47},"end":{"line":1296,"column":0}}},"76":{"name":"(anonymous_76)","line":1311,"loc":{"start":{"line":1311,"column":18},"end":{"line":1311,"column":34}}},"77":{"name":"(anonymous_77)","line":1331,"loc":{"start":{"line":1331,"column":25},"end":{"line":1331,"column":40}}},"78":{"name":"(anonymous_78)","line":1344,"loc":{"start":{"line":1344,"column":30},"end":{"line":1344,"column":53}}},"79":{"name":"(anonymous_79)","line":1366,"loc":{"start":{"line":1366,"column":28},"end":{"line":1366,"column":51}}},"80":{"name":"(anonymous_80)","line":1396,"loc":{"start":{"line":1396,"column":39},"end":{"line":1396,"column":58}}},"81":{"name":"(anonymous_81)","line":1401,"loc":{"start":{"line":1401,"column":18},"end":{"line":1401,"column":34}}},"82":{"name":"(anonymous_82)","line":1402,"loc":{"start":{"line":1402,"column":23},"end":{"line":1402,"column":38}}},"83":{"name":"(anonymous_83)","line":1411,"loc":{"start":{"line":1411,"column":36},"end":{"line":1411,"column":55}}},"84":{"name":"(anonymous_84)","line":1416,"loc":{"start":{"line":1416,"column":22},"end":{"line":1416,"column":34}}},"85":{"name":"(anonymous_85)","line":1422,"loc":{"start":{"line":1422,"column":20},"end":{"line":1422,"column":35}}},"86":{"name":"(anonymous_86)","line":1433,"loc":{"start":{"line":1433,"column":40},"end":{"line":1433,"column":55}}},"87":{"name":"Pool","line":1448,"loc":{"start":{"line":1448,"column":0},"end":{"line":1448,"column":25}}},"88":{"name":"(anonymous_88)","line":1474,"loc":{"start":{"line":1474,"column":22},"end":{"line":1475,"column":0}}},"89":{"name":"(anonymous_89)","line":1493,"loc":{"start":{"line":1493,"column":32},"end":{"line":1493,"column":44}}},"90":{"name":"(anonymous_90)","line":1522,"loc":{"start":{"line":1522,"column":15},"end":{"line":1523,"column":4}}},"91":{"name":"(anonymous_91)","line":1535,"loc":{"start":{"line":1535,"column":33},"end":{"line":1535,"column":46}}},"92":{"name":"(anonymous_92)","line":1556,"loc":{"start":{"line":1556,"column":21},"end":{"line":1556,"column":38}}},"93":{"name":"(anonymous_93)","line":1573,"loc":{"start":{"line":1573,"column":22},"end":{"line":1574,"column":0}}},"94":{"name":"(anonymous_94)","line":1613,"loc":{"start":{"line":1613,"column":19},"end":{"line":1614,"column":8}}},"95":{"name":"(anonymous_95)","line":1620,"loc":{"start":{"line":1620,"column":37},"end":{"line":1620,"column":50}}},"96":{"name":"(anonymous_96)","line":1638,"loc":{"start":{"line":1638,"column":32},"end":{"line":1639,"column":0}}},"97":{"name":"(anonymous_97)","line":1645,"loc":{"start":{"line":1645,"column":35},"end":{"line":1646,"column":0}}},"98":{"name":"(anonymous_98)","line":1653,"loc":{"start":{"line":1653,"column":25},"end":{"line":1653,"column":53}}},"99":{"name":"(anonymous_99)","line":1657,"loc":{"start":{"line":1657,"column":67},"end":{"line":1658,"column":2}}},"100":{"name":"(anonymous_100)","line":1663,"loc":{"start":{"line":1663,"column":22},"end":{"line":1664,"column":7}}},"101":{"name":"(anonymous_101)","line":1679,"loc":{"start":{"line":1679,"column":23},"end":{"line":1680,"column":0}}},"102":{"name":"(anonymous_102)","line":1693,"loc":{"start":{"line":1693,"column":13},"end":{"line":1693,"column":25}}},"103":{"name":"(anonymous_103)","line":1728,"loc":{"start":{"line":1728,"column":9},"end":{"line":1728,"column":22}}},"104":{"name":"(anonymous_104)","line":1737,"loc":{"start":{"line":1737,"column":36},"end":{"line":1737,"column":48}}}},"statementMap":{"1":{"start":{"line":19,"column":0},"end":{"line":20,"column":27}},"2":{"start":{"line":21,"column":0},"end":{"line":25,"column":1}},"3":{"start":{"line":23,"column":2},"end":{"line":24,"column":77}},"4":{"start":{"line":27,"column":0},"end":{"line":31,"column":21}},"5":{"start":{"line":37,"column":0},"end":{"line":37,"column":8}},"6":{"start":{"line":39,"column":0},"end":{"line":42,"column":2}},"7":{"start":{"line":41,"column":2},"end":{"line":41,"column":31}},"8":{"start":{"line":44,"column":0},"end":{"line":44,"column":35}},"9":{"start":{"line":45,"column":0},"end":{"line":45,"column":32}},"10":{"start":{"line":46,"column":0},"end":{"line":46,"column":52}},"11":{"start":{"line":47,"column":0},"end":{"line":47,"column":50}},"12":{"start":{"line":48,"column":0},"end":{"line":48,"column":44}},"13":{"start":{"line":50,"column":0},"end":{"line":50,"column":22}},"14":{"start":{"line":51,"column":0},"end":{"line":51,"column":32}},"15":{"start":{"line":52,"column":0},"end":{"line":56,"column":14}},"16":{"start":{"line":53,"column":12},"end":{"line":53,"column":62}},"17":{"start":{"line":55,"column":12},"end":{"line":55,"column":37}},"18":{"start":{"line":57,"column":0},"end":{"line":57,"column":47}},"19":{"start":{"line":59,"column":0},"end":{"line":68,"column":2}},"20":{"start":{"line":60,"column":4},"end":{"line":67,"column":5}},"21":{"start":{"line":61,"column":8},"end":{"line":61,"column":29}},"22":{"start":{"line":62,"column":8},"end":{"line":62,"column":49}},"23":{"start":{"line":65,"column":8},"end":{"line":65,"column":30}},"24":{"start":{"line":66,"column":8},"end":{"line":66,"column":50}},"25":{"start":{"line":70,"column":0},"end":{"line":110,"column":2}},"26":{"start":{"line":72,"column":2},"end":{"line":72,"column":19}},"27":{"start":{"line":74,"column":2},"end":{"line":76,"column":4}},"28":{"start":{"line":75,"column":4},"end":{"line":75,"column":33}},"29":{"start":{"line":78,"column":2},"end":{"line":103,"column":3}},"30":{"start":{"line":80,"column":4},"end":{"line":83,"column":5}},"31":{"start":{"line":82,"column":6},"end":{"line":82,"column":21}},"32":{"start":{"line":84,"column":4},"end":{"line":84,"column":28}},"33":{"start":{"line":85,"column":4},"end":{"line":85,"column":25}},"34":{"start":{"line":86,"column":4},"end":{"line":95,"column":7}},"35":{"start":{"line":87,"column":6},"end":{"line":94,"column":7}},"36":{"start":{"line":89,"column":8},"end":{"line":89,"column":29}},"37":{"start":{"line":93,"column":8},"end":{"line":93,"column":29}},"38":{"start":{"line":96,"column":4},"end":{"line":96,"column":28}},"39":{"start":{"line":99,"column":7},"end":{"line":103,"column":3}},"40":{"start":{"line":101,"column":4},"end":{"line":101,"column":17}},"41":{"start":{"line":102,"column":4},"end":{"line":102,"column":19}},"42":{"start":{"line":105,"column":2},"end":{"line":105,"column":26}},"43":{"start":{"line":107,"column":2},"end":{"line":109,"column":5}},"44":{"start":{"line":108,"column":4},"end":{"line":108,"column":16}},"45":{"start":{"line":112,"column":0},"end":{"line":117,"column":2}},"46":{"start":{"line":114,"column":2},"end":{"line":114,"column":33}},"47":{"start":{"line":115,"column":2},"end":{"line":115,"column":23}},"48":{"start":{"line":116,"column":2},"end":{"line":116,"column":12}},"49":{"start":{"line":119,"column":0},"end":{"line":130,"column":2}},"50":{"start":{"line":121,"column":2},"end":{"line":129,"column":3}},"51":{"start":{"line":123,"column":4},"end":{"line":126,"column":5}},"52":{"start":{"line":125,"column":6},"end":{"line":125,"column":21}},"53":{"start":{"line":127,"column":4},"end":{"line":127,"column":14}},"54":{"start":{"line":128,"column":4},"end":{"line":128,"column":19}},"55":{"start":{"line":132,"column":0},"end":{"line":145,"column":1}},"56":{"start":{"line":134,"column":2},"end":{"line":134,"column":18}},"57":{"start":{"line":136,"column":2},"end":{"line":136,"column":26}},"58":{"start":{"line":138,"column":2},"end":{"line":138,"column":78}},"59":{"start":{"line":139,"column":2},"end":{"line":139,"column":27}},"60":{"start":{"line":139,"column":11},"end":{"line":139,"column":27}},"61":{"start":{"line":140,"column":2},"end":{"line":140,"column":33}},"62":{"start":{"line":141,"column":2},"end":{"line":141,"column":45}},"63":{"start":{"line":142,"column":2},"end":{"line":142,"column":25}},"64":{"start":{"line":143,"column":2},"end":{"line":143,"column":55}},"65":{"start":{"line":144,"column":2},"end":{"line":144,"column":43}},"66":{"start":{"line":148,"column":0},"end":{"line":157,"column":3}},"67":{"start":{"line":149,"column":2},"end":{"line":156,"column":3}},"68":{"start":{"line":152,"column":4},"end":{"line":152,"column":45}},"69":{"start":{"line":155,"column":4},"end":{"line":155,"column":41}},"70":{"start":{"line":159,"column":0},"end":{"line":218,"column":2}},"71":{"start":{"line":160,"column":2},"end":{"line":160,"column":28}},"72":{"start":{"line":162,"column":2},"end":{"line":170,"column":3}},"73":{"start":{"line":164,"column":4},"end":{"line":164,"column":22}},"74":{"start":{"line":165,"column":4},"end":{"line":165,"column":17}},"75":{"start":{"line":167,"column":4},"end":{"line":169,"column":7}},"76":{"start":{"line":168,"column":6},"end":{"line":168,"column":44}},"77":{"start":{"line":172,"column":2},"end":{"line":175,"column":3}},"78":{"start":{"line":174,"column":4},"end":{"line":174,"column":25}},"79":{"start":{"line":177,"column":2},"end":{"line":215,"column":5}},"80":{"start":{"line":178,"column":4},"end":{"line":184,"column":5}},"81":{"start":{"line":180,"column":6},"end":{"line":180,"column":36}},"82":{"start":{"line":180,"column":15},"end":{"line":180,"column":36}},"83":{"start":{"line":183,"column":6},"end":{"line":183,"column":30}},"84":{"start":{"line":183,"column":15},"end":{"line":183,"column":30}},"85":{"start":{"line":186,"column":4},"end":{"line":186,"column":21}},"86":{"start":{"line":188,"column":4},"end":{"line":191,"column":5}},"87":{"start":{"line":190,"column":6},"end":{"line":190,"column":53}},"88":{"start":{"line":192,"column":4},"end":{"line":195,"column":5}},"89":{"start":{"line":194,"column":6},"end":{"line":194,"column":49}},"90":{"start":{"line":197,"column":4},"end":{"line":214,"column":7}},"91":{"start":{"line":199,"column":6},"end":{"line":213,"column":7}},"92":{"start":{"line":201,"column":8},"end":{"line":201,"column":32}},"93":{"start":{"line":201,"column":17},"end":{"line":201,"column":32}},"94":{"start":{"line":203,"column":8},"end":{"line":203,"column":30}},"95":{"start":{"line":205,"column":8},"end":{"line":205,"column":
[...]
ine":187,"column":12},"end":{"line":187,"column":12}},{"start":{"line":187,"column":12},"end":{"line":187,"column":12}}]},"31":{"line":202,"type":"if","locations":[{"start":{"line":202,"column":8},"end":{"line":202,"column":8}},{"start":{"line":202,"column":8},"end":{"line":202,"column":8}}]},"32":{"line":217,"type":"if","locations":[{"start":{"line":217,"column":12},"end":{"line":217,"column":12}},{"start":{"line":217,"column":12},"end":{"line":217,"column":12}}]},"33":{"line":217,"type":"binary-expr","locations":[{"start":{"line":217,"column":16},"end":{"line":217,"column":20}},{"start":{"line":217,"column":24},"end":{"line":217,"column":38}}]},"34":{"line":227,"type":"if","locations":[{"start":{"line":227,"column":8},"end":{"line":227,"column":8}},{"start":{"line":227,"column":8},"end":{"line":227,"column":8}}]},"35":{"line":253,"type":"if","locations":[{"start":{"line":253,"column":14},"end":{"line":253,"column":14}},{"start":{"line":253,"column":14},"end":{"line":253,"column":14}}]},"36":{"line":273,"type":"if","locations":[{"start":{"line":273,"column":8},"end":{"line":273,"column":8}},{"start":{"line":273,"column":8},"end":{"line":273,"column":8}}]},"37":{"line":278,"type":"if","locations":[{"start":{"line":278,"column":8},"end":{"line":278,"column":8}},{"start":{"line":278,"column":8},"end":{"line":278,"column":8}}]},"38":{"line":284,"type":"if","locations":[{"start":{"line":284,"column":12},"end":{"line":284,"column":12}},{"start":{"line":284,"column":12},"end":{"line":284,"column":12}}]},"39":{"line":289,"type":"if","locations":[{"start":{"line":289,"column":12},"end":{"line":289,"column":12}},{"start":{"line":289,"column":12},"end":{"line":289,"column":12}}]},"40":{"line":289,"type":"binary-expr","locations":[{"start":{"line":289,"column":15},"end":{"line":289,"column":35}},{"start":{"line":289,"column":39},"end":{"line":289,"column":52}}]},"41":{"line":295,"type":"if","locations":[{"start":{"line":295,"column":20},"end":{"line":295,"column":20}},{"start":{"line":295,"column":20},"end":{"line":295,"column":20}}]},"42":{"line":314,"type":"if","locations":[{"start":{"line":314,"column":12},"end":{"line":314,"column":12}},{"start":{"line":314,"column":12},"end":{"line":314,"column":12}}]},"43":{"line":328,"type":"if","locations":[{"start":{"line":328,"column":12},"end":{"line":328,"column":12}},{"start":{"line":328,"column":12},"end":{"line":328,"column":12}}]},"44":{"line":365,"type":"cond-expr","locations":[{"start":{"line":365,"column":53},"end":{"line":365,"column":62}},{"start":{"line":365,"column":64},"end":{"line":365,"column":68}}]}},"code":["/**"," * Node-ibm_db Installer file."," */","","var fs = require('fs');","var url = require('url');","var os = require('os');","var path = require('path');","var exec = require('child_process').exec;","var request = require('request');","","var installerURL = 'https://public.dhe.ibm.com/ibmdl/export/pub/software/data/db2/drivers/odbc_cli';","var CURRENT_DIR = process.cwd();","var DOWNLOAD_DIR = path.resolve(CURRENT_DIR, 'installer');","var INSTALLER_FILE; ","installerURL = process.env.IBM_DB_INSTALLER_URL || installerURL;","installerURL = installerURL + \"/\";","","//Function to download clidriver and install node-ibm_db","var install_node_ibm_db = function(file_url) {","    var readStream;","    var writeStream;","    var platform = os.platform();","    var arch = os.arch();","    var endian = os.endianness();","    var installerfileURL;","","    var fstream = require('fstream');","    var unzipper = require('unzipper');","","    var IBM_DB_HOME, IBM_DB_INCLUDE, IBM_DB_LIB, IBM_DB_DIR;","","    if(platform == 'win32') {","        if(arch == 'x64') {","            var BUILD_FILE = path.resolve(CURRENT_DIR, 'build.zip');","","            //Windows node binary names should update here.","            var ODBC_BINDINGS = 'build\\/Release\\/odbc_bindings.node';","            var ODBC_BINDINGS_V12 = 'build\\/Release\\/odbc_bindings.node.0.12.7';","            var ODBC_BINDINGS_V4 = 'build\\/Release\\/odbc_bindings.node.4.6.1';","            var ODBC_BINDINGS_V6 = 'build\\/Release\\/odbc_bindings.node.6.9.1';","","            // Windows add-on binary for node.js v0.10.x has been discontinued.","            if(Number(process.version.match(/^v(\\d+\\.\\d+)/)[1]) == 0.10){","                console.log('\\nERROR: Found unsupported node.js version ' + process.version +","                '\\nnode-ibm_db do not have precompiled add-on file odbc_bindings.node for\\n' +","                'node.js v0.10.x on Widnows. Please use the latest version of node.js.\\n');","                process.exit(1);","            }","","            // Windows add-on binary for node.js v0.12.x has been deprecated.","            if(Number(process.version.match(/^v(\\d+\\.\\d+)/)[1]) == 0.12){","                console.log('\\nWARNING: Found node.js version ' + process.version +","                '\\nSupport for node-ibm_db on Windows for node.js version 0.12.x is deprecated\\n' +","                'and will be discontinued soon. Please use the latest version of node.js.\\n');","            }","","            /*","             * odbcBindingsNode will consist of the node binary-","             * file name according to the node version in the system.","             */","            var odbcBindingsNode = (Number(process.version.match(/^v(\\d+\\.\\d+)/)[1]) < 4.0) && ODBC_BINDINGS_V12  ||","            (Number(process.version.match(/^v(\\d+\\.\\d+)/)[1]) < 5.0) && ODBC_BINDINGS_V4 ||","            (Number(process.version.match(/^v(\\d+\\.\\d+)/)[1]) < 7.0) && ODBC_BINDINGS_V6 || ODBC_BINDINGS ;","","            readStream = fs.createReadStream(BUILD_FILE);","","            /*","             * unzipper will parse the build.zip file content and","             * then it will check for the odbcBindingsNode","             * (node Binary), when it gets that binary file,","             * fstream.Writer will write the same node binary","             * but the name will be odbc_bindings.node, and the other","             * binary files and build.zip will be discarded.","             */","            readStream.pipe(unzipper.Parse())","            .on('entry', function (entry) {","                if(entry.path === odbcBindingsNode){","                    entry.pipe(fstream.Writer(ODBC_BINDINGS));","                } else {","                    entry.autodrain();","                }","            })","            .on('error', function(e) {","                console.log('error',e);","            })","            .on('finish', function() {","                fs.unlinkSync(BUILD_FILE);","            });","","            removeUsedPackages();","        } else {","            console.log('Windows 32 bit not supported. Please use an ' +","                        'x64 architecture.');","            return;","        }","    }","","    /*","     * IF: IBM_DB_HOME path is set,","     * clidriver will not be download from remote location","     * node-ibm_db will use local clidriver package stored in-","     * IBM_DB_HOME path location.","     * ELSE: platform specific compressed clidriver package will be download","     * and then extract for further use.","     */","    if(process.env.IBM_DB_HOME) ","    {","        IBM_DB_HOME = process.env.IBM_DB_HOME;","        IBM_DB_INCLUDE = path.resolve(IBM_DB_HOME, 'include');","        if (fs.existsSync(IBM_DB_HOME + \"/lib64\")) {","           IBM_DB_LIB = path.resolve(IBM_DB_HOME, 'lib64');","        } else if (fs.existsSync(IBM_DB_HOME + \"/lib32\")) {","           IBM_DB_LIB = path.resolve(IBM_DB_HOME, 'lib32');","        } else {","           IBM_DB_LIB = path.resolve(IBM_DB_HOME, 'lib');","        }","        console.log('IBM_DB_HOME environment variable have already been set to '+IBM_DB_HOME);","","        if (!fs.existsSync(IBM_DB_HOME)) {","            console.log(IBM_DB_HOME + ' directory does not exist. Please check if you have ' + ","                        'set the IBM_DB_HOME environment variable\\'s value correctly.');","        }","","        if (!fs.existsSync(IBM_DB_INCLUDE)) {","            console.log(IBM_DB_INCLUDE + ' directory does not exist. Please check if you have ' + ","                        'set the IBM_DB_HOME environment variable\\'s value correctly.');","        }","","        if (!fs.existsSync(IBM_DB_LIB)) {","            console.log(IBM_DB_LIB + ' directory does not exist. Please check if you have ' + ","                        'set the IBM_DB_HOME environment variable\\'s value correctly.');","        }","        if( platform != 'win32') {","            if(!fs.existsSync(IBM_DB_HOME + \"/lib\"))","                fs.symlinkSync(IBM_DB_LIB, path.resolve(IBM_DB_HOME, 'lib'));","","            if((platform == 'linux') || (platform =='aix') || ","               (platform == 'darwin' && arch == 'x64')) {","                removeWinBuildArchive();","                buildBinary(false);","            } else {","                console.log('Building binaries for node-ibm_db. This platform is not completely supported, you might encounter errors. In such cases please open an issue on our repository, https://github.com/ibmdb/node-ibm_db.');","                buildBinary(false);","            }","        }","    } else {","        if(platform == 'win32') ","        {","            if(arch == 'x64') {","                installerfileURL = installerURL + 'ntx64_odbc_cli.zip';","            }/* else {","                installerfileURL = installerURL + 'nt32_odbc_cli.zip';","            }*/","        } ","        else if(platform == 'linux') ","        {","            if(arch == 'x64') {","                installerfileURL = installerURL + 'linuxx64_odbc_cli.tar.gz';","            } else if(arch == 's390x') {","                installerfileURL = installerURL + 's390x64_odbc_cli.tar.gz';","            } else if(arch == 's390') {","                installerfileURL = installerURL + 's390_odbc_cli.tar.gz';","            } else if(arch == 'ppc64') {","                if(endian == 'LE')","                    installerfileURL = installerURL + 'ppc64le_odbc_cli.tar.gz';","                else","                    installerfileURL = installerURL + 'ppc64_odbc_cli.tar.gz';","            } else if(arch == 'ppc32') {","                installerfileURL = installerURL + 'ppc32_odbc_cli.tar.gz';","            } else {","                installerfileURL = installerURL + 'linuxia32_odbc_cli.tar.gz';","            }","        } ","        else if(platform == 'darwin') ","        {","            if(arch == 'x64') {","                installerfileURL = installerURL + 'macos64_odbc_cli.tar.gz';","            } else {","                console.log('Mac OS 32 bit not supported. Please use an ' +","                            'x64 architecture.');","                return;","            }","        } ","        else if(platform == 'aix')","        {","            if(arch == 'ppc')","            {","                installerfileURL = installerURL + 'aix32_odbc_cli.tar.gz';","            }","            else","            {","                installerfileURL = installerURL + 'aix64_odbc_cli.tar.gz';","            }","        }","        else ","        {","            installerfileURL = installerURL + platform + arch + ","                               '_odbc_cli.tar.gz';","        }","","        if(!installerfileURL) {","            console.log('Unable to fetch driver download file. Exiting the ' +","                        'install process.');","            process.exit(1);","        }","","        var license_agreement = '\\n\\n****************************************\\nYou are downloading a package which includes the Node.js module for IBM DB2/Informix.  The module is licensed under the Apache License 2.0. The package also includes IBM ODBC and CLI Driver from IBM, which is automatically downloaded as the node module is installed on your system/device. The license agreement to the IBM ODBC and CLI Driver is available in '+DOWNLOAD_DIR+'   Check for additional dependencies, which may come with their own license agreement(s). Your use of the components of the package and dependencies constitutes your acceptance of their respective license agreements. If you do not accept the terms of any license agreement(s), then delete the relevant component(s) from your device.\\n****************************************\\n';","","        var file_name = url.parse(installerfileURL).pathname.split('/').pop();","        INSTALLER_FILE = path.resolve(DOWNLOAD_DIR, file_name);","","        console.log('Downloading DB2 ODBC CLI Driver from ' +","                    installerfileURL+'...\\n');","","        fs.stat(installerfileURL, function (err, stats) {","            if (!err && stats.isFile()) {","                INSTALLER_FILE = installerfileURL;","                return copyAndExtractDriver();","            }","            return getInstallerFile(installerfileURL);","        });","","    }  // * END OF EXECUTION */","","    function copyAndExtractDriver() {","        if(platform == 'win32') {","            readStream = fs.createReadStream(INSTALLER_FILE);","","            /* unzipper.Extract will extract the clidriver zipped-","             * file content to DOWNLOAD_DIR.","             */","            var extractCLIDriver = readStream.pipe(unzipper.Extract({path: DOWNLOAD_DIR}));","","            /* After successful closing of the event,","             * license_agreement and Download and extraction","             * of DB2 ODBC CLI Driver acknowledgement will display.","             */","            extractCLIDriver.on('close', function() {","                console.log(license_agreement);","                console.log('Downloading and extraction of DB2 ODBC ' +","                    'CLI Driver completed successfully... \\n');","            });","","            extractCLIDriver.on('err', function() {","                console.log(err);","            });","        } ","        else ","        {","            var targz = require('targz');","            var compress = targz.decompress({src: INSTALLER_FILE, dest: DOWNLOAD_DIR}, function(err){","              if(err) {","                console.log(err);","                process.exit(1);","              }","              else {","                console.log(license_agreement);","                console.log('Downloading and extraction of DB2 ODBC ' +","                            'CLI Driver completed successfully ...');","                IBM_DB_HOME = path.resolve(DOWNLOAD_DIR, 'clidriver');","                process.env.IBM_DB_HOME = IBM_DB_HOME.replace(/\\s/g,'\\\\ ');","                buildBinary(true);","                removeWinBuildArchive();","              }","            });","        }","    }","","    function buildBinary(isDownloaded) ","    {","        var buildString = \"node-gyp configure build --IBM_DB_HOME=\\\"$IBM_DB_HOME\\\"\";","        if(isDownloaded) {","            buildString = buildString + \" --IS_DOWNLOADED=true\";","        } else {","            buildString = buildString + \" --IS_DOWNLOADED=false\";","        }","        if( platform == 'win32') ","        {","            buildString = buildString + \" --IBM_DB_HOME_WIN=%IBM_DB_HOME%\";","        }","        var childProcess = exec(buildString, function (error, stdout, stderr) {","            console.log(stdout);","            if (error !== null) {","                console.log(error);","                process.exit(1);","            }","","            if(platform == 'darwin' && arch == 'x64') ","            {","                // Run the install_name_tool","                var nameToolCommand = \"install_name_tool -change libdb2.dylib $IBM_DB_HOME/lib/libdb2.dylib ./build/Release/odbc_bindings.node\" ;","                var nameToolCmdProcess = exec(nameToolCommand , ","                  function (error1, stdout1, stderr1) {","                    if (error1 !== null) {","                        console.log('Error setting up the lib path to ' +","                            'odbc_bindings.node file.Error trace:\\n'+error1);","                        process.exit(1);","                    }","                });","            }","            removeUsedPackages();","        });","    } //buildBinary","","    function removeUsedPackages()","    {","        var packages = [\"nan\", \"fstream\", \"unzipper\", \"targz\"];","        for( var index = 0; index < packages.length; index++ )","        {","          var command = \"npm uninstall \" + packages[index];","          var childProcess = exec(command, function (error, stdout, stderr) {","            console.log(stdout);","            if (error !== null) {","                console.log(error);","                // Ignore error and continue to remove other packages.","                // Installation of ibm_db should not fail due to such errors.","            }","          });","        }","    }","","    function removeWinBuildArchive() ","    {","        var WIN_BUILD_FILE = path.resolve(CURRENT_DIR, 'build.zip');","        fs.exists(WIN_BUILD_FILE, function(exists) ","        {","            if (exists) ","            {","                fs.unlinkSync(WIN_BUILD_FILE);","            }","        });","    }","","    // Function to download clidriver file using request module.","    function getInstallerFile(installerfileURL) {","        // Variable to save downloading progress","        var received_bytes = 0;","        var total_bytes = 0;","","        var outStream = fs.createWriteStream(INSTALLER_FILE);","","        request","            .get(installerfileURL)","                .on('error', function(err) {","                    console.log(err);","                })","                .on('response', function(data) {","                    total_bytes = parseInt(data.headers['content-length']);","                })","                .on('data', function(chunk) {","                    received_bytes += chunk.length;","                    showDownloadingProgress(received_bytes, total_bytes);","                })","                .pipe(outStream);","","        outStream.once('close', copyAndExtractDriver)","        .once('error', function (err) {","            cosole.log(err);","        });","    };","","    function showDownloadingProgress(received, total) {","        var percentage = ((received * 100) / total).toFixed(2);","        process.stdout.write((platform == 'win32') ? \"\\033[0G\": \"\\r\");","        process.stdout.write(percentage + \"% | \" + received + \" bytes downloaded out of \" + total + \" bytes.\");","    }","","}; //install_node_ibm_db","","install_node_ibm_db();",""],"l":{"5":1,"6":1,"7":1,"8":1,"9":1,"10":1,"12":1,"13":1,"14":1,"15":1,"16":1,"17":1,"20":1,"21":1,"22":1,"23":1,"24":1,"25":1,"26":1,"28":1,"29":1,"31":1,"33":1,"34":0,"35":0,"38":0,"39":0,"40":0,"41":0,"44":0,"45":0,"48":0,"52":0,"53":0,"62":0,"66":0,"76":0,"78":0,"79":0,"81":0,"85":0,"88":0,"91":0,"93":0,"95":0,"107":1,"109":0,"110":0,"111":0,"112":0,"113":0,"114":0,"116":0,"118":0,"120":0,"121":0,"125":0,"126":0,"130":0,"131":0,"134":0,"135":0,"136":0,"138":0,"140":0,"141":0,"143":0,"144":0,"148":1,"150":0,"151":0,"156":1,"158":1,"159":1,"160":0,"161":0,"162":0,"163":0,"164":0,"165":0,"166":0,"168":0,"169":0,"170":0,"172":0,"175":0,"177":0,"178":0,"180":0,"182":0,"185":0,"187":0,"189":0,"193":0,"198":0,"202":1,"203":0,"205":0,"208":1,"210":1,"211":1,"213":1,"216":1,"217":1,"218":0,"219":0,"221":1,"226":1,"227":0,"228":0,"233":0,"239":0,"240":0,"241":0,"245":0,"246":0,"251":0,"252":0,"253":0,"254":0,"255":0,"258":0,"259":0,"261":0,"262":0,"263":0,"264":0,"270":1,"272":0,"273":0,"274":0,"276":0,"278":0,"280":0,"282":0,"283":0,"284":0,"285":0,"286":0,"289":0,"292":0,"293":0,"295":0,"296":0,"298":0,"302":0,"306":1,"308":0,"309":0,"311":0,"312":0,"313":0,"314":0,"315":0,"323":1,"325":0,"326":0,"328":0,"330":0,"336":1,"338":1,"339":1,"341":1,"343":1,"346":0,"349":0,"352":0,"353":0,"357":1,"359":1,"363":1,"364":0,"365":0,"366":0,"371":1}}}